<!DOCTYPE html PUBLIC "-//W3C//DTD XHTML 1.1//EN" "http://www.w3.org/TR/xhtml11/DTD/xhtml11.dtd">
<html xmlns="http://www.w3.org/1999/xhtml"><head><title>TestNG Report</title><style type="text/css">table {margin-bottom:10px;border-collapse:collapse;empty-cells:show}th,td {border:1px solid #009;padding:.25em .5em}th {vertical-align:bottom}td {vertical-align:top}table a {font-weight:bold}.stripe td {background-color: #E6EBF9}.num {text-align:right}.passedodd td {background-color: #3F3}.passedeven td {background-color: #0A0}.skippedodd td {background-color: #DDD}.skippedeven td {background-color: #CCC}.failedodd td,.attn {background-color: #F33}.failedeven td,.stripe .attn {background-color: #D00}.stacktrace {white-space:pre;font-family:monospace}.totop {font-size:85%;text-align:center;border-bottom:2px solid #000}</style></head><body><table><tr><th>Test</th><th># Passed</th><th># Skipped</th><th># Failed</th><th>Time (ms)</th><th>Included Groups</th><th>Excluded Groups</th></tr><tr><th colspan="7">Default suite</th></tr><tr><td><a href="#t0">Default test</a></td><td class="num">1</td><td class="num">0</td><td class="num attn">4</td><td class="num">43 522</td><td></td><td></td></tr></table><table><thead><tr><th>Class</th><th>Method</th><th>Start</th><th>Time (ms)</th></tr></thead><tbody><tr><th colspan="4">Default suite</th></tr></tbody><tbody id="t0"><tr><th colspan="4">Default test &#8212; failed</th></tr><tr class="failedeven"><td rowspan="4">com.example.tests.ContactCreationTests</td><td><a href="#m0">testContactCreationWithValidData</a></td><td rowspan="4">1391944320157</td><td rowspan="4">5715</td></tr><tr class="failedeven"><td><a href="#m1">testContactCreationWithValidData</a></td></tr><tr class="failedeven"><td><a href="#m2">testContactCreationWithValidData</a></td></tr><tr class="failedeven"><td><a href="#m3">testContactCreationWithValidData</a></td></tr><tr><th colspan="4">Default test &#8212; passed</th></tr><tr class="passedeven"><td rowspan="1">com.example.tests.ContactCreationTests</td><td><a href="#m4">testContactCreationWithValidData</a></td><td rowspan="1">1391944325874</td><td rowspan="1">5346</td></tr></tbody></table><h2>Default test</h2><h3 id="m0">com.example.tests.ContactCreationTests#testContactCreationWithValidData</h3><table class="result"><tr class="param"><th>Parameter #1</th></tr><tr class="param stripe"><td>ContactData [firstname=test-149091201 lastname=test1162348483]</td></tr><tr><th>Exception</th></tr><tr><td><div class="stacktrace">java.lang.AssertionError: 
Expected: &lt;[ContactData [firstname= lastname=], ContactData [firstname= lastname=test-1735743936], ContactData [firstname= lastname=test1073862179], ContactData [firstname= lastname=test450035427], ContactData [firstname= lastname=test458017687], ContactData [firstname= lastname=test554808419], ContactData [firstname=test-168285101 lastname=test-600523282], ContactData [firstname=test-790413402 lastname=test-1968317084], ContactData [firstname=test-2089303806 lastname=test-7207670], ContactData [firstname=test-1832282663 lastname=test-904442283], ContactData [firstname=test-149091201 lastname=test1162348483], ContactData [firstname=test1227394501 lastname=test1916698072], ContactData [firstname=test762714410 lastname=test-986146047]]&gt;
     but: was &lt;[ContactData [firstname= lastname=], ContactData [firstname= lastname=test-1735743936], ContactData [firstname= lastname=test1073862179], ContactData [firstname= lastname=test450035427], ContactData [firstname= lastname=test458017687], ContactData [firstname= lastname=test554808419], ContactData [firstname=test-168285101 lastname=test-600523282], ContactData [firstname=test-149091201 lastname=test1162348483], ContactData [firstname=test-790413402 lastname=test-1968317084], ContactData [firstname=test-2089303806 lastname=test-7207670], ContactData [firstname=test-1832282663 lastname=test-904442283], ContactData [firstname=test1227394501 lastname=test1916698072], ContactData [firstname=test762714410 lastname=test-986146047]]&gt;
	at org.hamcrest.MatcherAssert.assertThat(MatcherAssert.java:20)
	at org.junit.Assert.assertThat(Assert.java:865)
	at org.junit.Assert.assertThat(Assert.java:832)
	at com.example.tests.ContactCreationTests.testContactCreationWithValidData(ContactCreationTests.java:42)
	at sun.reflect.NativeMethodAccessorImpl.invoke0(Native Method)
	at sun.reflect.NativeMethodAccessorImpl.invoke(Unknown Source)
	at sun.reflect.DelegatingMethodAccessorImpl.invoke(Unknown Source)
	at java.lang.reflect.Method.invoke(Unknown Source)
	at org.testng.internal.MethodInvocationHelper.invokeMethod(MethodInvocationHelper.java:84)
	at org.testng.internal.Invoker.invokeMethod(Invoker.java:714)
	at org.testng.internal.Invoker.invokeTestMethod(Invoker.java:901)
	at org.testng.internal.Invoker.invokeTestMethods(Invoker.java:1231)
	at org.testng.internal.TestMethodWorker.invokeTestMethods(TestMethodWorker.java:127)
	at org.testng.internal.TestMethodWorker.run(TestMethodWorker.java:111)
	at org.testng.TestRunner.privateRun(TestRunner.java:767)
	at org.testng.TestRunner.run(TestRunner.java:617)
	at org.testng.SuiteRunner.runTest(SuiteRunner.java:334)
	at org.testng.SuiteRunner.runSequentially(SuiteRunner.java:329)
	at org.testng.SuiteRunner.privateRun(SuiteRunner.java:291)
	at org.testng.SuiteRunner.run(SuiteRunner.java:240)
	at org.testng.SuiteRunnerWorker.runSuite(SuiteRunnerWorker.java:52)
	at org.testng.SuiteRunnerWorker.run(SuiteRunnerWorker.java:86)
	at org.testng.TestNG.runSuitesSequentially(TestNG.java:1224)
	at org.testng.TestNG.runSuitesLocally(TestNG.java:1149)
	at org.testng.TestNG.run(TestNG.java:1057)
	at org.testng.remote.RemoteTestNG.run(RemoteTestNG.java:111)
	at org.testng.remote.RemoteTestNG.initAndRun(RemoteTestNG.java:204)
	at org.testng.remote.RemoteTestNG.main(RemoteTestNG.java:175)
</div></td></tr></table><p class="totop"><a href="#summary">back to summary</a></p><h3 id="m1">com.example.tests.ContactCreationTests#testContactCreationWithValidData</h3><table class="result"><tr class="param"><th>Parameter #1</th></tr><tr class="param stripe"><td>ContactData [firstname=test820883890 lastname=test-609212113]</td></tr><tr><th>Exception</th></tr><tr><td><div class="stacktrace">java.lang.AssertionError: 
Expected: &lt;[ContactData [firstname= lastname=], ContactData [firstname= lastname=], ContactData [firstname= lastname=test-1735743936], ContactData [firstname= lastname=test1073862179], ContactData [firstname= lastname=test283538474], ContactData [firstname= lastname=test450035427], ContactData [firstname= lastname=test458017687], ContactData [firstname= lastname=test554808419], ContactData [firstname=test-168285101 lastname=test-600523282], ContactData [firstname=test-790413402 lastname=test-1968317084], ContactData [firstname=test-2089303806 lastname=test-7207670], ContactData [firstname=test-1832282663 lastname=test-904442283], ContactData [firstname=test-149091201 lastname=test1162348483], ContactData [firstname=test1227394501 lastname=test1916698072], ContactData [firstname=test820883890 lastname=test-609212113], ContactData [firstname=test762714410 lastname=test-986146047]]&gt;
     but: was &lt;[ContactData [firstname= lastname=], ContactData [firstname= lastname=], ContactData [firstname= lastname=test-1735743936], ContactData [firstname= lastname=test1073862179], ContactData [firstname= lastname=test283538474], ContactData [firstname= lastname=test450035427], ContactData [firstname= lastname=test458017687], ContactData [firstname= lastname=test554808419], ContactData [firstname=test-168285101 lastname=test-600523282], ContactData [firstname=test-149091201 lastname=test1162348483], ContactData [firstname=test-790413402 lastname=test-1968317084], ContactData [firstname=test-2089303806 lastname=test-7207670], ContactData [firstname=test-1832282663 lastname=test-904442283], ContactData [firstname=test1227394501 lastname=test1916698072], ContactData [firstname=test820883890 lastname=test-609212113], ContactData [firstname=test762714410 lastname=test-986146047]]&gt;
	at org.hamcrest.MatcherAssert.assertThat(MatcherAssert.java:20)
	at org.junit.Assert.assertThat(Assert.java:865)
	at org.junit.Assert.assertThat(Assert.java:832)
	at com.example.tests.ContactCreationTests.testContactCreationWithValidData(ContactCreationTests.java:42)
	at sun.reflect.NativeMethodAccessorImpl.invoke0(Native Method)
	at sun.reflect.NativeMethodAccessorImpl.invoke(Unknown Source)
	at sun.reflect.DelegatingMethodAccessorImpl.invoke(Unknown Source)
	at java.lang.reflect.Method.invoke(Unknown Source)
	at org.testng.internal.MethodInvocationHelper.invokeMethod(MethodInvocationHelper.java:84)
	at org.testng.internal.Invoker.invokeMethod(Invoker.java:714)
	at org.testng.internal.Invoker.invokeTestMethod(Invoker.java:901)
	at org.testng.internal.Invoker.invokeTestMethods(Invoker.java:1231)
	at org.testng.internal.TestMethodWorker.invokeTestMethods(TestMethodWorker.java:127)
	at org.testng.internal.TestMethodWorker.run(TestMethodWorker.java:111)
	at org.testng.TestRunner.privateRun(TestRunner.java:767)
	at org.testng.TestRunner.run(TestRunner.java:617)
	at org.testng.SuiteRunner.runTest(SuiteRunner.java:334)
	at org.testng.SuiteRunner.runSequentially(SuiteRunner.java:329)
	at org.testng.SuiteRunner.privateRun(SuiteRunner.java:291)
	at org.testng.SuiteRunner.run(SuiteRunner.java:240)
	at org.testng.SuiteRunnerWorker.runSuite(SuiteRunnerWorker.java:52)
	at org.testng.SuiteRunnerWorker.run(SuiteRunnerWorker.java:86)
	at org.testng.TestNG.runSuitesSequentially(TestNG.java:1224)
	at org.testng.TestNG.runSuitesLocally(TestNG.java:1149)
	at org.testng.TestNG.run(TestNG.java:1057)
	at org.testng.remote.RemoteTestNG.run(RemoteTestNG.java:111)
	at org.testng.remote.RemoteTestNG.initAndRun(RemoteTestNG.java:204)
	at org.testng.remote.RemoteTestNG.main(RemoteTestNG.java:175)
</div></td></tr></table><p class="totop"><a href="#summary">back to summary</a></p><h3 id="m2">com.example.tests.ContactCreationTests#testContactCreationWithValidData</h3><table class="result"><tr class="param"><th>Parameter #1</th></tr><tr class="param stripe"><td>ContactData [firstname= lastname=test-1775298362]</td></tr><tr><th>Exception</th></tr><tr><td><div class="stacktrace">java.lang.AssertionError: 
Expected: &lt;[ContactData [firstname= lastname=], ContactData [firstname= lastname=], ContactData [firstname= lastname=test-1735743936], ContactData [firstname= lastname=test-1775298362], ContactData [firstname= lastname=test1073862179], ContactData [firstname= lastname=test283538474], ContactData [firstname= lastname=test450035427], ContactData [firstname= lastname=test458017687], ContactData [firstname= lastname=test554808419], ContactData [firstname=test-168285101 lastname=test-600523282], ContactData [firstname=test-149091201 lastname=test1162348483], ContactData [firstname=test-790413402 lastname=test-1968317084], ContactData [firstname=test-2089303806 lastname=test-7207670], ContactData [firstname=test-1832282663 lastname=test-904442283], ContactData [firstname=test1227394501 lastname=test1916698072], ContactData [firstname=test820883890 lastname=test-609212113], ContactData [firstname=test762714410 lastname=test-986146047]]&gt;
     but: was &lt;[ContactData [firstname= lastname=], ContactData [firstname= lastname=], ContactData [firstname= lastname=test-1735743936], ContactData [firstname= lastname=test-1775298362], ContactData [firstname= lastname=test1073862179], ContactData [firstname= lastname=test283538474], ContactData [firstname= lastname=test450035427], ContactData [firstname= lastname=test458017687], ContactData [firstname= lastname=test554808419], ContactData [firstname=test-168285101 lastname=test-600523282], ContactData [firstname=test-790413402 lastname=test-1968317084], ContactData [firstname=test-2089303806 lastname=test-7207670], ContactData [firstname=test-1832282663 lastname=test-904442283], ContactData [firstname=test-149091201 lastname=test1162348483], ContactData [firstname=test1227394501 lastname=test1916698072], ContactData [firstname=test820883890 lastname=test-609212113], ContactData [firstname=test762714410 lastname=test-986146047]]&gt;
	at org.hamcrest.MatcherAssert.assertThat(MatcherAssert.java:20)
	at org.junit.Assert.assertThat(Assert.java:865)
	at org.junit.Assert.assertThat(Assert.java:832)
	at com.example.tests.ContactCreationTests.testContactCreationWithValidData(ContactCreationTests.java:42)
	at sun.reflect.NativeMethodAccessorImpl.invoke0(Native Method)
	at sun.reflect.NativeMethodAccessorImpl.invoke(Unknown Source)
	at sun.reflect.DelegatingMethodAccessorImpl.invoke(Unknown Source)
	at java.lang.reflect.Method.invoke(Unknown Source)
	at org.testng.internal.MethodInvocationHelper.invokeMethod(MethodInvocationHelper.java:84)
	at org.testng.internal.Invoker.invokeMethod(Invoker.java:714)
	at org.testng.internal.Invoker.invokeTestMethod(Invoker.java:901)
	at org.testng.internal.Invoker.invokeTestMethods(Invoker.java:1231)
	at org.testng.internal.TestMethodWorker.invokeTestMethods(TestMethodWorker.java:127)
	at org.testng.internal.TestMethodWorker.run(TestMethodWorker.java:111)
	at org.testng.TestRunner.privateRun(TestRunner.java:767)
	at org.testng.TestRunner.run(TestRunner.java:617)
	at org.testng.SuiteRunner.runTest(SuiteRunner.java:334)
	at org.testng.SuiteRunner.runSequentially(SuiteRunner.java:329)
	at org.testng.SuiteRunner.privateRun(SuiteRunner.java:291)
	at org.testng.SuiteRunner.run(SuiteRunner.java:240)
	at org.testng.SuiteRunnerWorker.runSuite(SuiteRunnerWorker.java:52)
	at org.testng.SuiteRunnerWorker.run(SuiteRunnerWorker.java:86)
	at org.testng.TestNG.runSuitesSequentially(TestNG.java:1224)
	at org.testng.TestNG.runSuitesLocally(TestNG.java:1149)
	at org.testng.TestNG.run(TestNG.java:1057)
	at org.testng.remote.RemoteTestNG.run(RemoteTestNG.java:111)
	at org.testng.remote.RemoteTestNG.initAndRun(RemoteTestNG.java:204)
	at org.testng.remote.RemoteTestNG.main(RemoteTestNG.java:175)
</div></td></tr></table><p class="totop"><a href="#summary">back to summary</a></p><h3 id="m3">com.example.tests.ContactCreationTests#testContactCreationWithValidData</h3><table class="result"><tr class="param"><th>Parameter #1</th></tr><tr class="param stripe"><td>ContactData [firstname= lastname=]</td></tr><tr><th>Exception</th></tr><tr><td><div class="stacktrace">java.lang.AssertionError: 
Expected: &lt;[ContactData [firstname= lastname=], ContactData [firstname= lastname=], ContactData [firstname= lastname=test-1735743936], ContactData [firstname= lastname=test1073862179], ContactData [firstname= lastname=test283538474], ContactData [firstname= lastname=test450035427], ContactData [firstname= lastname=test458017687], ContactData [firstname= lastname=test554808419], ContactData [firstname=test-168285101 lastname=test-600523282], ContactData [firstname=test-149091201 lastname=test1162348483], ContactData [firstname=test-790413402 lastname=test-1968317084], ContactData [firstname=test-2089303806 lastname=test-7207670], ContactData [firstname=test-1832282663 lastname=test-904442283], ContactData [firstname=test1227394501 lastname=test1916698072], ContactData [firstname=test762714410 lastname=test-986146047]]&gt;
     but: was &lt;[ContactData [firstname= lastname=], ContactData [firstname= lastname=], ContactData [firstname= lastname=test-1735743936], ContactData [firstname= lastname=test1073862179], ContactData [firstname= lastname=test283538474], ContactData [firstname= lastname=test450035427], ContactData [firstname= lastname=test458017687], ContactData [firstname= lastname=test554808419], ContactData [firstname=test-168285101 lastname=test-600523282], ContactData [firstname=test-790413402 lastname=test-1968317084], ContactData [firstname=test-2089303806 lastname=test-7207670], ContactData [firstname=test-1832282663 lastname=test-904442283], ContactData [firstname=test-149091201 lastname=test1162348483], ContactData [firstname=test1227394501 lastname=test1916698072], ContactData [firstname=test762714410 lastname=test-986146047]]&gt;
	at org.hamcrest.MatcherAssert.assertThat(MatcherAssert.java:20)
	at org.junit.Assert.assertThat(Assert.java:865)
	at org.junit.Assert.assertThat(Assert.java:832)
	at com.example.tests.ContactCreationTests.testContactCreationWithValidData(ContactCreationTests.java:42)
	at sun.reflect.NativeMethodAccessorImpl.invoke0(Native Method)
	at sun.reflect.NativeMethodAccessorImpl.invoke(Unknown Source)
	at sun.reflect.DelegatingMethodAccessorImpl.invoke(Unknown Source)
	at java.lang.reflect.Method.invoke(Unknown Source)
	at org.testng.internal.MethodInvocationHelper.invokeMethod(MethodInvocationHelper.java:84)
	at org.testng.internal.Invoker.invokeMethod(Invoker.java:714)
	at org.testng.internal.Invoker.invokeTestMethod(Invoker.java:901)
	at org.testng.internal.Invoker.invokeTestMethods(Invoker.java:1231)
	at org.testng.internal.TestMethodWorker.invokeTestMethods(TestMethodWorker.java:127)
	at org.testng.internal.TestMethodWorker.run(TestMethodWorker.java:111)
	at org.testng.TestRunner.privateRun(TestRunner.java:767)
	at org.testng.TestRunner.run(TestRunner.java:617)
	at org.testng.SuiteRunner.runTest(SuiteRunner.java:334)
	at org.testng.SuiteRunner.runSequentially(SuiteRunner.java:329)
	at org.testng.SuiteRunner.privateRun(SuiteRunner.java:291)
	at org.testng.SuiteRunner.run(SuiteRunner.java:240)
	at org.testng.SuiteRunnerWorker.runSuite(SuiteRunnerWorker.java:52)
	at org.testng.SuiteRunnerWorker.run(SuiteRunnerWorker.java:86)
	at org.testng.TestNG.runSuitesSequentially(TestNG.java:1224)
	at org.testng.TestNG.runSuitesLocally(TestNG.java:1149)
	at org.testng.TestNG.run(TestNG.java:1057)
	at org.testng.remote.RemoteTestNG.run(RemoteTestNG.java:111)
	at org.testng.remote.RemoteTestNG.initAndRun(RemoteTestNG.java:204)
	at org.testng.remote.RemoteTestNG.main(RemoteTestNG.java:175)
</div></td></tr></table><p class="totop"><a href="#summary">back to summary</a></p><h3 id="m4">com.example.tests.ContactCreationTests#testContactCreationWithValidData</h3><table class="result"><tr class="param"><th>Parameter #1</th></tr><tr class="param stripe"><td>ContactData [firstname= lastname=test283538474]</td></tr></table><p class="totop"><a href="#summary">back to summary</a></p></body></html>