<!DOCTYPE html>

<html>
  <head>
  <title>TestNG reports</title>

    <link type="text/css" href="testng-reports.css" rel="stylesheet" />  
    <script type="text/javascript" src="jquery-1.7.1.min.js"></script>
    <script type="text/javascript" src="testng-reports.js"></script>
    <script type="text/javascript" src="https://www.google.com/jsapi"></script>
    <script type='text/javascript'>
      google.load('visualization', '1', {packages:['table']});
      google.setOnLoadCallback(drawTable);
      var suiteTableInitFunctions = new Array();
      var suiteTableData = new Array();
    </script>
    <!--
      <script type="text/javascript" src="jquery-ui/js/jquery-ui-1.8.16.custom.min.js"></script>
     -->
  </head>

  <body>
    <div class="top-banner-root">
      <span class="top-banner-title-font">Test results</span>
      <br/>
      <span class="top-banner-font-1">1 suite, 4 failed tests</span>
    </div> <!-- top-banner-root -->
    <div class="navigator-root">
      <div class="navigator-suite-header">
        <span>All suites</span>
        <a href="#" class="collapse-all-link" title="Collapse/expand all the suites">
          <img class="collapse-all-icon" src="collapseall.gif">
          </img> <!-- collapse-all-icon -->
        </a> <!-- collapse-all-link -->
      </div> <!-- navigator-suite-header -->
      <div class="suite">
        <div class="rounded-window">
          <div class="suite-header light-rounded-window-top">
            <a href="#" class="navigator-link" panel-name="suite-Default_suite">
              <span class="suite-name border-failed">Default suite</span>
            </a> <!-- navigator-link -->
          </div> <!-- suite-header light-rounded-window-top -->
          <div class="navigator-suite-content">
            <div class="suite-section-title">
              <span>Info</span>
            </div> <!-- suite-section-title -->
            <div class="suite-section-content">
              <ul>
                <li>
                  <a href="#" class="navigator-link " panel-name="test-xml-Default_suite">
                    <span>C:\Users\Freeman\AppData\Local\Temp\testng-eclipse-578807956\testng-customsuite.xml</span>
                  </a> <!-- navigator-link  -->
                </li>
                <li>
                  <a href="#" class="navigator-link " panel-name="testlist-Default_suite">
                    <span class="test-stats">1 test</span>
                  </a> <!-- navigator-link  -->
                </li>
                <li>
                  <a href="#" class="navigator-link " panel-name="group-Default_suite">
                    <span>0 groups</span>
                  </a> <!-- navigator-link  -->
                </li>
                <li>
                  <a href="#" class="navigator-link " panel-name="times-Default_suite">
                    <span>Times</span>
                  </a> <!-- navigator-link  -->
                </li>
                <li>
                  <a href="#" class="navigator-link " panel-name="reporter-Default_suite">
                    <span>Reporter output</span>
                  </a> <!-- navigator-link  -->
                </li>
                <li>
                  <a href="#" class="navigator-link " panel-name="ignored-methods-Default_suite">
                    <span>Ignored methods</span>
                  </a> <!-- navigator-link  -->
                </li>
                <li>
                  <a href="#" class="navigator-link " panel-name="chronological-Default_suite">
                    <span>Chronological view</span>
                  </a> <!-- navigator-link  -->
                </li>
              </ul>
            </div> <!-- suite-section-content -->
            <div class="result-section">
              <div class="suite-section-title">
                <span>Results</span>
              </div> <!-- suite-section-title -->
              <div class="suite-section-content">
                <ul>
                  <li>
                    <span class="method-stats">5 methods, 4 failed,   1 passed</span>
                  </li>
                  <li>
                    <span class="method-list-title failed">Failed methods</span>
                    <span class="show-or-hide-methods failed">
                      <a href="#" panel-name="suite-Default_suite" class="hide-methods failed suite-Default_suite"> (hide)</a> <!-- hide-methods failed suite-Default_suite -->
                      <a href="#" panel-name="suite-Default_suite" class="show-methods failed suite-Default_suite"> (show)</a> <!-- show-methods failed suite-Default_suite -->
                    </span>
                    <div class="method-list-content failed suite-Default_suite">
                      <span>
                        <img width="3%" src="failed.png"/>
                        <a href="#" class="method navigator-link" panel-name="suite-Default_suite" title="com.example.tests.ContactCreationTests" hash-for-method="testContactCreationWithValidData(ContactData [firstname=test-149091201 lastname=test1162348483])">testContactCreationWithValidData(ContactData [firstname=test-149091201 lastname=test1162348483])</a> <!-- method navigator-link -->
                      </span>
                      <br/>
                      <span>
                        <img width="3%" src="failed.png"/>
                        <a href="#" class="method navigator-link" panel-name="suite-Default_suite" title="com.example.tests.ContactCreationTests" hash-for-method="testContactCreationWithValidData(ContactData [firstname=test820883890 lastname=test-609212113])">testContactCreationWithValidData(ContactData [firstname=test820883890 lastname=test-609212113])</a> <!-- method navigator-link -->
                      </span>
                      <br/>
                      <span>
                        <img width="3%" src="failed.png"/>
                        <a href="#" class="method navigator-link" panel-name="suite-Default_suite" title="com.example.tests.ContactCreationTests" hash-for-method="testContactCreationWithValidData(ContactData [firstname= lastname=test-1775298362])">testContactCreationWithValidData(ContactData [firstname= lastname=test-1775298362])</a> <!-- method navigator-link -->
                      </span>
                      <br/>
                      <span>
                        <img width="3%" src="failed.png"/>
                        <a href="#" class="method navigator-link" panel-name="suite-Default_suite" title="com.example.tests.ContactCreationTests" hash-for-method="testContactCreationWithValidData(ContactData [firstname= lastname=])">testContactCreationWithValidData(ContactData [firstname= lastname=])</a> <!-- method navigator-link -->
                      </span>
                      <br/>
                    </div> <!-- method-list-content failed suite-Default_suite -->
                  </li>
                  <li>
                    <span class="method-list-title passed">Passed methods</span>
                    <span class="show-or-hide-methods passed">
                      <a href="#" panel-name="suite-Default_suite" class="hide-methods passed suite-Default_suite"> (hide)</a> <!-- hide-methods passed suite-Default_suite -->
                      <a href="#" panel-name="suite-Default_suite" class="show-methods passed suite-Default_suite"> (show)</a> <!-- show-methods passed suite-Default_suite -->
                    </span>
                    <div class="method-list-content passed suite-Default_suite">
                      <span>
                        <img width="3%" src="passed.png"/>
                        <a href="#" class="method navigator-link" panel-name="suite-Default_suite" title="com.example.tests.ContactCreationTests" hash-for-method="testContactCreationWithValidData(ContactData [firstname= lastname=test283538474])">testContactCreationWithValidData(ContactData [firstname= lastname=test283538474])</a> <!-- method navigator-link -->
                      </span>
                      <br/>
                    </div> <!-- method-list-content passed suite-Default_suite -->
                  </li>
                </ul>
              </div> <!-- suite-section-content -->
            </div> <!-- result-section -->
          </div> <!-- navigator-suite-content -->
        </div> <!-- rounded-window -->
      </div> <!-- suite -->
    </div> <!-- navigator-root -->
    <div class="wrapper">
      <div class="main-panel-root">
        <div panel-name="suite-Default_suite" class="panel Default_suite">
          <div class="suite-Default_suite-class-failed">
            <div class="main-panel-header rounded-window-top">
              <img src="failed.png"/>
              <span class="class-name">com.example.tests.ContactCreationTests</span>
            </div> <!-- main-panel-header rounded-window-top -->
            <div class="main-panel-content rounded-window-bottom">
              <div class="method">
                <div class="method-content">
                  <a name="testContactCreationWithValidData(ContactData [firstname=test-149091201 lastname=test1162348483])">
                  </a> <!-- testContactCreationWithValidData(ContactData [firstname=test-149091201 lastname=test1162348483]) -->
                  <span class="method-name">testContactCreationWithValidData</span>
                  <span class="parameters">(ContactData [firstname=test-149091201 lastname=test1162348483])</span>
                  <div class="stack-trace">java.lang.AssertionError: 
Expected: &lt;[ContactData [firstname= lastname=], ContactData [firstname= lastname=test-1735743936], ContactData [firstname= lastname=test1073862179], ContactData [firstname= lastname=test450035427], ContactData [firstname= lastname=test458017687], ContactData [firstname= lastname=test554808419], ContactData [firstname=test-168285101 lastname=test-600523282], ContactData [firstname=test-790413402 lastname=test-1968317084], ContactData [firstname=test-2089303806 lastname=test-7207670], ContactData [firstname=test-1832282663 lastname=test-904442283], ContactData [firstname=test-149091201 lastname=test1162348483], ContactData [firstname=test1227394501 lastname=test1916698072], ContactData [firstname=test762714410 lastname=test-986146047]]&gt;
     but: was &lt;[ContactData [firstname= lastname=], ContactData [firstname= lastname=test-1735743936], ContactData [firstname= lastname=test1073862179], ContactData [firstname= lastname=test450035427], ContactData [firstname= lastname=test458017687], ContactData [firstname= lastname=test554808419], ContactData [firstname=test-168285101 lastname=test-600523282], ContactData [firstname=test-149091201 lastname=test1162348483], ContactData [firstname=test-790413402 lastname=test-1968317084], ContactData [firstname=test-2089303806 lastname=test-7207670], ContactData [firstname=test-1832282663 lastname=test-904442283], ContactData [firstname=test1227394501 lastname=test1916698072], ContactData [firstname=test762714410 lastname=test-986146047]]&gt;
	at org.hamcrest.MatcherAssert.assertThat(MatcherAssert.java:20)
	at org.junit.Assert.assertThat(Assert.java:865)
	at org.junit.Assert.assertThat(Assert.java:832)
	at com.example.tests.ContactCreationTests.testContactCreationWithValidData(ContactCreationTests.java:42)
	at sun.reflect.NativeMethodAccessorImpl.invoke0(Native Method)
	at sun.reflect.NativeMethodAccessorImpl.invoke(Unknown Source)
	at sun.reflect.DelegatingMethodAccessorImpl.invoke(Unknown Source)
	at java.lang.reflect.Method.invoke(Unknown Source)
	at org.testng.internal.MethodInvocationHelper.invokeMethod(MethodInvocationHelper.java:84)
	at org.testng.internal.Invoker.invokeMethod(Invoker.java:714)
	at org.testng.internal.Invoker.invokeTestMethod(Invoker.java:901)
	at org.testng.internal.Invoker.invokeTestMethods(Invoker.java:1231)
	at org.testng.internal.TestMethodWorker.invokeTestMethods(TestMethodWorker.java:127)
	at org.testng.internal.TestMethodWorker.run(TestMethodWorker.java:111)
	at org.testng.TestRunner.privateRun(TestRunner.java:767)
	at org.testng.TestRunner.run(TestRunner.java:617)
	at org.testng.SuiteRunner.runTest(SuiteRunner.java:334)
	at org.testng.SuiteRunner.runSequentially(SuiteRunner.java:329)
	at org.testng.SuiteRunner.privateRun(SuiteRunner.java:291)
	at org.testng.SuiteRunner.run(SuiteRunner.java:240)
	at org.testng.SuiteRunnerWorker.runSuite(SuiteRunnerWorker.java:52)
	at org.testng.SuiteRunnerWorker.run(SuiteRunnerWorker.java:86)
	at org.testng.TestNG.runSuitesSequentially(TestNG.java:1224)
	at org.testng.TestNG.runSuitesLocally(TestNG.java:1149)
	at org.testng.TestNG.run(TestNG.java:1057)
	at org.testng.remote.RemoteTestNG.run(RemoteTestNG.java:111)
	at org.testng.remote.RemoteTestNG.initAndRun(RemoteTestNG.java:204)
	at org.testng.remote.RemoteTestNG.main(RemoteTestNG.java:175)

</div> <!-- stack-trace -->
                </div> <!-- method-content -->
              </div> <!-- method -->
              <div class="method">
                <div class="method-content">
                  <a name="testContactCreationWithValidData(ContactData [firstname=test820883890 lastname=test-609212113])">
                  </a> <!-- testContactCreationWithValidData(ContactData [firstname=test820883890 lastname=test-609212113]) -->
                  <span class="method-name">testContactCreationWithValidData</span>
                  <span class="parameters">(ContactData [firstname=test820883890 lastname=test-609212113])</span>
                  <div class="stack-trace">java.lang.AssertionError: 
Expected: &lt;[ContactData [firstname= lastname=], ContactData [firstname= lastname=], ContactData [firstname= lastname=test-1735743936], ContactData [firstname= lastname=test1073862179], ContactData [firstname= lastname=test283538474], ContactData [firstname= lastname=test450035427], ContactData [firstname= lastname=test458017687], ContactData [firstname= lastname=test554808419], ContactData [firstname=test-168285101 lastname=test-600523282], ContactData [firstname=test-790413402 lastname=test-1968317084], ContactData [firstname=test-2089303806 lastname=test-7207670], ContactData [firstname=test-1832282663 lastname=test-904442283], ContactData [firstname=test-149091201 lastname=test1162348483], ContactData [firstname=test1227394501 lastname=test1916698072], ContactData [firstname=test820883890 lastname=test-609212113], ContactData [firstname=test762714410 lastname=test-986146047]]&gt;
     but: was &lt;[ContactData [firstname= lastname=], ContactData [firstname= lastname=], ContactData [firstname= lastname=test-1735743936], ContactData [firstname= lastname=test1073862179], ContactData [firstname= lastname=test283538474], ContactData [firstname= lastname=test450035427], ContactData [firstname= lastname=test458017687], ContactData [firstname= lastname=test554808419], ContactData [firstname=test-168285101 lastname=test-600523282], ContactData [firstname=test-149091201 lastname=test1162348483], ContactData [firstname=test-790413402 lastname=test-1968317084], ContactData [firstname=test-2089303806 lastname=test-7207670], ContactData [firstname=test-1832282663 lastname=test-904442283], ContactData [firstname=test1227394501 lastname=test1916698072], ContactData [firstname=test820883890 lastname=test-609212113], ContactData [firstname=test762714410 lastname=test-986146047]]&gt;
	at org.hamcrest.MatcherAssert.assertThat(MatcherAssert.java:20)
	at org.junit.Assert.assertThat(Assert.java:865)
	at org.junit.Assert.assertThat(Assert.java:832)
	at com.example.tests.ContactCreationTests.testContactCreationWithValidData(ContactCreationTests.java:42)
	at sun.reflect.NativeMethodAccessorImpl.invoke0(Native Method)
	at sun.reflect.NativeMethodAccessorImpl.invoke(Unknown Source)
	at sun.reflect.DelegatingMethodAccessorImpl.invoke(Unknown Source)
	at java.lang.reflect.Method.invoke(Unknown Source)
	at org.testng.internal.MethodInvocationHelper.invokeMethod(MethodInvocationHelper.java:84)
	at org.testng.internal.Invoker.invokeMethod(Invoker.java:714)
	at org.testng.internal.Invoker.invokeTestMethod(Invoker.java:901)
	at org.testng.internal.Invoker.invokeTestMethods(Invoker.java:1231)
	at org.testng.internal.TestMethodWorker.invokeTestMethods(TestMethodWorker.java:127)
	at org.testng.internal.TestMethodWorker.run(TestMethodWorker.java:111)
	at org.testng.TestRunner.privateRun(TestRunner.java:767)
	at org.testng.TestRunner.run(TestRunner.java:617)
	at org.testng.SuiteRunner.runTest(SuiteRunner.java:334)
	at org.testng.SuiteRunner.runSequentially(SuiteRunner.java:329)
	at org.testng.SuiteRunner.privateRun(SuiteRunner.java:291)
	at org.testng.SuiteRunner.run(SuiteRunner.java:240)
	at org.testng.SuiteRunnerWorker.runSuite(SuiteRunnerWorker.java:52)
	at org.testng.SuiteRunnerWorker.run(SuiteRunnerWorker.java:86)
	at org.testng.TestNG.runSuitesSequentially(TestNG.java:1224)
	at org.testng.TestNG.runSuitesLocally(TestNG.java:1149)
	at org.testng.TestNG.run(TestNG.java:1057)
	at org.testng.remote.RemoteTestNG.run(RemoteTestNG.java:111)
	at org.testng.remote.RemoteTestNG.initAndRun(RemoteTestNG.java:204)
	at org.testng.remote.RemoteTestNG.main(RemoteTestNG.java:175)

</div> <!-- stack-trace -->
                </div> <!-- method-content -->
              </div> <!-- method -->
              <div class="method">
                <div class="method-content">
                  <a name="testContactCreationWithValidData(ContactData [firstname= lastname=test-1775298362])">
                  </a> <!-- testContactCreationWithValidData(ContactData [firstname= lastname=test-1775298362]) -->
                  <span class="method-name">testContactCreationWithValidData</span>
                  <span class="parameters">(ContactData [firstname= lastname=test-1775298362])</span>
                  <div class="stack-trace">java.lang.AssertionError: 
Expected: &lt;[ContactData [firstname= lastname=], ContactData [firstname= lastname=], ContactData [firstname= lastname=test-1735743936], ContactData [firstname= lastname=test-1775298362], ContactData [firstname= lastname=test1073862179], ContactData [firstname= lastname=test283538474], ContactData [firstname= lastname=test450035427], ContactData [firstname= lastname=test458017687], ContactData [firstname= lastname=test554808419], ContactData [firstname=test-168285101 lastname=test-600523282], ContactData [firstname=test-149091201 lastname=test1162348483], ContactData [firstname=test-790413402 lastname=test-1968317084], ContactData [firstname=test-2089303806 lastname=test-7207670], ContactData [firstname=test-1832282663 lastname=test-904442283], ContactData [firstname=test1227394501 lastname=test1916698072], ContactData [firstname=test820883890 lastname=test-609212113], ContactData [firstname=test762714410 lastname=test-986146047]]&gt;
     but: was &lt;[ContactData [firstname= lastname=], ContactData [firstname= lastname=], ContactData [firstname= lastname=test-1735743936], ContactData [firstname= lastname=test-1775298362], ContactData [firstname= lastname=test1073862179], ContactData [firstname= lastname=test283538474], ContactData [firstname= lastname=test450035427], ContactData [firstname= lastname=test458017687], ContactData [firstname= lastname=test554808419], ContactData [firstname=test-168285101 lastname=test-600523282], ContactData [firstname=test-790413402 lastname=test-1968317084], ContactData [firstname=test-2089303806 lastname=test-7207670], ContactData [firstname=test-1832282663 lastname=test-904442283], ContactData [firstname=test-149091201 lastname=test1162348483], ContactData [firstname=test1227394501 lastname=test1916698072], ContactData [firstname=test820883890 lastname=test-609212113], ContactData [firstname=test762714410 lastname=test-986146047]]&gt;
	at org.hamcrest.MatcherAssert.assertThat(MatcherAssert.java:20)
	at org.junit.Assert.assertThat(Assert.java:865)
	at org.junit.Assert.assertThat(Assert.java:832)
	at com.example.tests.ContactCreationTests.testContactCreationWithValidData(ContactCreationTests.java:42)
	at sun.reflect.NativeMethodAccessorImpl.invoke0(Native Method)
	at sun.reflect.NativeMethodAccessorImpl.invoke(Unknown Source)
	at sun.reflect.DelegatingMethodAccessorImpl.invoke(Unknown Source)
	at java.lang.reflect.Method.invoke(Unknown Source)
	at org.testng.internal.MethodInvocationHelper.invokeMethod(MethodInvocationHelper.java:84)
	at org.testng.internal.Invoker.invokeMethod(Invoker.java:714)
	at org.testng.internal.Invoker.invokeTestMethod(Invoker.java:901)
	at org.testng.internal.Invoker.invokeTestMethods(Invoker.java:1231)
	at org.testng.internal.TestMethodWorker.invokeTestMethods(TestMethodWorker.java:127)
	at org.testng.internal.TestMethodWorker.run(TestMethodWorker.java:111)
	at org.testng.TestRunner.privateRun(TestRunner.java:767)
	at org.testng.TestRunner.run(TestRunner.java:617)
	at org.testng.SuiteRunner.runTest(SuiteRunner.java:334)
	at org.testng.SuiteRunner.runSequentially(SuiteRunner.java:329)
	at org.testng.SuiteRunner.privateRun(SuiteRunner.java:291)
	at org.testng.SuiteRunner.run(SuiteRunner.java:240)
	at org.testng.SuiteRunnerWorker.runSuite(SuiteRunnerWorker.java:52)
	at org.testng.SuiteRunnerWorker.run(SuiteRunnerWorker.java:86)
	at org.testng.TestNG.runSuitesSequentially(TestNG.java:1224)
	at org.testng.TestNG.runSuitesLocally(TestNG.java:1149)
	at org.testng.TestNG.run(TestNG.java:1057)
	at org.testng.remote.RemoteTestNG.run(RemoteTestNG.java:111)
	at org.testng.remote.RemoteTestNG.initAndRun(RemoteTestNG.java:204)
	at org.testng.remote.RemoteTestNG.main(RemoteTestNG.java:175)

</div> <!-- stack-trace -->
                </div> <!-- method-content -->
              </div> <!-- method -->
              <div class="method">
                <div class="method-content">
                  <a name="testContactCreationWithValidData(ContactData [firstname= lastname=])">
                  </a> <!-- testContactCreationWithValidData(ContactData [firstname= lastname=]) -->
                  <span class="method-name">testContactCreationWithValidData</span>
                  <span class="parameters">(ContactData [firstname= lastname=])</span>
                  <div class="stack-trace">java.lang.AssertionError: 
Expected: &lt;[ContactData [firstname= lastname=], ContactData [firstname= lastname=], ContactData [firstname= lastname=test-1735743936], ContactData [firstname= lastname=test1073862179], ContactData [firstname= lastname=test283538474], ContactData [firstname= lastname=test450035427], ContactData [firstname= lastname=test458017687], ContactData [firstname= lastname=test554808419], ContactData [firstname=test-168285101 lastname=test-600523282], ContactData [firstname=test-149091201 lastname=test1162348483], ContactData [firstname=test-790413402 lastname=test-1968317084], ContactData [firstname=test-2089303806 lastname=test-7207670], ContactData [firstname=test-1832282663 lastname=test-904442283], ContactData [firstname=test1227394501 lastname=test1916698072], ContactData [firstname=test762714410 lastname=test-986146047]]&gt;
     but: was &lt;[ContactData [firstname= lastname=], ContactData [firstname= lastname=], ContactData [firstname= lastname=test-1735743936], ContactData [firstname= lastname=test1073862179], ContactData [firstname= lastname=test283538474], ContactData [firstname= lastname=test450035427], ContactData [firstname= lastname=test458017687], ContactData [firstname= lastname=test554808419], ContactData [firstname=test-168285101 lastname=test-600523282], ContactData [firstname=test-790413402 lastname=test-1968317084], ContactData [firstname=test-2089303806 lastname=test-7207670], ContactData [firstname=test-1832282663 lastname=test-904442283], ContactData [firstname=test-149091201 lastname=test1162348483], ContactData [firstname=test1227394501 lastname=test1916698072], ContactData [firstname=test762714410 lastname=test-986146047]]&gt;
	at org.hamcrest.MatcherAssert.assertThat(MatcherAssert.java:20)
	at org.junit.Assert.assertThat(Assert.java:865)
	at org.junit.Assert.assertThat(Assert.java:832)
	at com.example.tests.ContactCreationTests.testContactCreationWithValidData(ContactCreationTests.java:42)
	at sun.reflect.NativeMethodAccessorImpl.invoke0(Native Method)
	at sun.reflect.NativeMethodAccessorImpl.invoke(Unknown Source)
	at sun.reflect.DelegatingMethodAccessorImpl.invoke(Unknown Source)
	at java.lang.reflect.Method.invoke(Unknown Source)
	at org.testng.internal.MethodInvocationHelper.invokeMethod(MethodInvocationHelper.java:84)
	at org.testng.internal.Invoker.invokeMethod(Invoker.java:714)
	at org.testng.internal.Invoker.invokeTestMethod(Invoker.java:901)
	at org.testng.internal.Invoker.invokeTestMethods(Invoker.java:1231)
	at org.testng.internal.TestMethodWorker.invokeTestMethods(TestMethodWorker.java:127)
	at org.testng.internal.TestMethodWorker.run(TestMethodWorker.java:111)
	at org.testng.TestRunner.privateRun(TestRunner.java:767)
	at org.testng.TestRunner.run(TestRunner.java:617)
	at org.testng.SuiteRunner.runTest(SuiteRunner.java:334)
	at org.testng.SuiteRunner.runSequentially(SuiteRunner.java:329)
	at org.testng.SuiteRunner.privateRun(SuiteRunner.java:291)
	at org.testng.SuiteRunner.run(SuiteRunner.java:240)
	at org.testng.SuiteRunnerWorker.runSuite(SuiteRunnerWorker.java:52)
	at org.testng.SuiteRunnerWorker.run(SuiteRunnerWorker.java:86)
	at org.testng.TestNG.runSuitesSequentially(TestNG.java:1224)
	at org.testng.TestNG.runSuitesLocally(TestNG.java:1149)
	at org.testng.TestNG.run(TestNG.java:1057)
	at org.testng.remote.RemoteTestNG.run(RemoteTestNG.java:111)
	at org.testng.remote.RemoteTestNG.initAndRun(RemoteTestNG.java:204)
	at org.testng.remote.RemoteTestNG.main(RemoteTestNG.java:175)

</div> <!-- stack-trace -->
                </div> <!-- method-content -->
              </div> <!-- method -->
            </div> <!-- main-panel-content rounded-window-bottom -->
          </div> <!-- suite-Default_suite-class-failed -->
          <div class="suite-Default_suite-class-passed">
            <div class="main-panel-header rounded-window-top">
              <img src="passed.png"/>
              <span class="class-name">com.example.tests.ContactCreationTests</span>
            </div> <!-- main-panel-header rounded-window-top -->
            <div class="main-panel-content rounded-window-bottom">
              <div class="method">
                <div class="method-content">
                  <a name="testContactCreationWithValidData(ContactData [firstname= lastname=test283538474])">
                  </a> <!-- testContactCreationWithValidData(ContactData [firstname= lastname=test283538474]) -->
                  <span class="method-name">testContactCreationWithValidData</span>
                  <span class="parameters">(ContactData [firstname= lastname=test283538474])</span>
                </div> <!-- method-content -->
              </div> <!-- method -->
            </div> <!-- main-panel-content rounded-window-bottom -->
          </div> <!-- suite-Default_suite-class-passed -->
        </div> <!-- panel Default_suite -->
        <div panel-name="test-xml-Default_suite" class="panel">
          <div class="main-panel-header rounded-window-top">
            <span class="header-content">C:\Users\Freeman\AppData\Local\Temp\testng-eclipse-578807956\testng-customsuite.xml</span>
          </div> <!-- main-panel-header rounded-window-top -->
          <div class="main-panel-content rounded-window-bottom">
            <pre>
&lt;?xml version=&quot;1.0&quot; encoding=&quot;UTF-8&quot;?&gt;
&lt;!DOCTYPE suite SYSTEM &quot;http://testng.org/testng-1.0.dtd&quot;&gt;
&lt;suite name=&quot;Default suite&quot;&gt;
  &lt;test verbose=&quot;2&quot; name=&quot;Default test&quot;&gt;
    &lt;classes&gt;
      &lt;class name=&quot;com.example.tests.ContactCreationTests&quot;/&gt;
    &lt;/classes&gt;
  &lt;/test&gt; &lt;!-- Default test --&gt;
&lt;/suite&gt; &lt;!-- Default suite --&gt;
            </pre>
          </div> <!-- main-panel-content rounded-window-bottom -->
        </div> <!-- panel -->
        <div panel-name="testlist-Default_suite" class="panel">
          <div class="main-panel-header rounded-window-top">
            <span class="header-content">Tests for Default suite</span>
          </div> <!-- main-panel-header rounded-window-top -->
          <div class="main-panel-content rounded-window-bottom">
            <ul>
              <li>
                <span class="test-name">Default test (1 class)</span>
              </li>
            </ul>
          </div> <!-- main-panel-content rounded-window-bottom -->
        </div> <!-- panel -->
        <div panel-name="group-Default_suite" class="panel">
          <div class="main-panel-header rounded-window-top">
            <span class="header-content">Groups for Default suite</span>
          </div> <!-- main-panel-header rounded-window-top -->
          <div class="main-panel-content rounded-window-bottom">
          </div> <!-- main-panel-content rounded-window-bottom -->
        </div> <!-- panel -->
        <div panel-name="times-Default_suite" class="panel">
          <div class="main-panel-header rounded-window-top">
            <span class="header-content">Times for Default suite</span>
          </div> <!-- main-panel-header rounded-window-top -->
          <div class="main-panel-content rounded-window-bottom">
            <div class="times-div">
              <script type="text/javascript">
suiteTableInitFunctions.push('tableData_Default_suite');
function tableData_Default_suite() {
var data = new google.visualization.DataTable();
data.addColumn('number', 'Number');
data.addColumn('string', 'Method');
data.addColumn('string', 'Class');
data.addColumn('number', 'Time (ms)');
data.addRows(5);
data.setCell(0, 0, 0)
data.setCell(0, 1, 'testContactCreationWithValidData')
data.setCell(0, 2, 'com.example.tests.ContactCreationTests')
data.setCell(0, 3, 5715);
data.setCell(1, 0, 1)
data.setCell(1, 1, 'testContactCreationWithValidData')
data.setCell(1, 2, 'com.example.tests.ContactCreationTests')
data.setCell(1, 3, 5346);
data.setCell(2, 0, 2)
data.setCell(2, 1, 'testContactCreationWithValidData')
data.setCell(2, 2, 'com.example.tests.ContactCreationTests')
data.setCell(2, 3, 5070);
data.setCell(3, 0, 3)
data.setCell(3, 1, 'testContactCreationWithValidData')
data.setCell(3, 2, 'com.example.tests.ContactCreationTests')
data.setCell(3, 3, 5052);
data.setCell(4, 0, 4)
data.setCell(4, 1, 'testContactCreationWithValidData')
data.setCell(4, 2, 'com.example.tests.ContactCreationTests')
data.setCell(4, 3, 5001);
window.suiteTableData['Default_suite']= { tableData: data, tableDiv: 'times-div-Default_suite'}
return data;
}
              </script>
              <span class="suite-total-time">Total running time: 26 seconds</span>
              <div id="times-div-Default_suite">
              </div> <!-- times-div-Default_suite -->
            </div> <!-- times-div -->
          </div> <!-- main-panel-content rounded-window-bottom -->
        </div> <!-- panel -->
        <div panel-name="reporter-Default_suite" class="panel">
          <div class="main-panel-header rounded-window-top">
            <span class="header-content">Reporter output for Default suite</span>
          </div> <!-- main-panel-header rounded-window-top -->
          <div class="main-panel-content rounded-window-bottom">
          </div> <!-- main-panel-content rounded-window-bottom -->
        </div> <!-- panel -->
        <div panel-name="ignored-methods-Default_suite" class="panel">
          <div class="main-panel-header rounded-window-top">
            <span class="header-content">0 ignored methods</span>
          </div> <!-- main-panel-header rounded-window-top -->
          <div class="main-panel-content rounded-window-bottom">
          </div> <!-- main-panel-content rounded-window-bottom -->
        </div> <!-- panel -->
        <div panel-name="chronological-Default_suite" class="panel">
          <div class="main-panel-header rounded-window-top">
            <span class="header-content">Methods in chronological order</span>
          </div> <!-- main-panel-header rounded-window-top -->
          <div class="main-panel-content rounded-window-bottom">
            <div class="chronological-class">
              <div class="chronological-class-name">com.example.tests.ContactCreationTests</div> <!-- chronological-class-name -->
              <div class="configuration-test before">
                <span class="method-name">setUp</span>
                <span class="method-start">0 ms</span>
              </div> <!-- configuration-test before -->
              <div class="test-method">
                <img src="failed.png">
                </img>
                <span class="method-name">testContactCreationWithValidData(ContactData [firstname=test-149091201 lastname=test1162348483])</span>
                <span class="method-start">16875 ms</span>
              </div> <!-- test-method -->
              <div class="test-method">
                <span class="method-name">testContactCreationWithValidData(ContactData [firstname= lastname=test283538474])</span>
                <span class="method-start">22592 ms</span>
              </div> <!-- test-method -->
              <div class="test-method">
                <img src="failed.png">
                </img>
                <span class="method-name">testContactCreationWithValidData(ContactData [firstname= lastname=])</span>
                <span class="method-start">27938 ms</span>
              </div> <!-- test-method -->
              <div class="test-method">
                <img src="failed.png">
                </img>
                <span class="method-name">testContactCreationWithValidData(ContactData [firstname=test820883890 lastname=test-609212113])</span>
                <span class="method-start">32940 ms</span>
              </div> <!-- test-method -->
              <div class="test-method">
                <img src="failed.png">
                </img>
                <span class="method-name">testContactCreationWithValidData(ContactData [firstname= lastname=test-1775298362])</span>
                <span class="method-start">37993 ms</span>
              </div> <!-- test-method -->
              <div class="configuration-test after">
                <span class="method-name">tearDown</span>
                <span class="method-start">43064 ms</span>
              </div> <!-- configuration-test after -->
          </div> <!-- main-panel-content rounded-window-bottom -->
        </div> <!-- panel -->
      </div> <!-- main-panel-root -->
    </div> <!-- wrapper -->
  </body>
</html>
