<?xml version="1.0" encoding="UTF-8"?>
<!-- Generated by org.testng.reporters.JUnitReportReporter -->
<testsuite hostname="RMLFD0456" name="com.example.tests.ContactCreationTests" tests="5" failures="0" timestamp="9 Feb 2014 11:12:26 GMT" time="26.184" errors="4">
  <testcase name="testContactCreationWithValidData" time="5.052" classname="com.example.tests.ContactCreationTests">
    <error type="java.lang.AssertionError" message="
Expected: &lt;[ContactData [firstname= lastname=], ContactData [firstname= lastname=], ContactData [firstname= lastname=test-1735743936], ContactData [firstname= lastname=test1073862179], ContactData [firstname= lastname=test283538474], ContactData [firstname= lastname=test450035427], ContactData [firstname= lastname=test458017687], ContactData [firstname= lastname=test554808419], ContactData [firstname=test-168285101 lastname=test-600523282], ContactData [firstname=test-790413402 lastname=test-1968317084], ContactData [firstname=test-2089303806 lastname=test-7207670], ContactData [firstname=test-1832282663 lastname=test-904442283], ContactData [firstname=test-149091201 lastname=test1162348483], ContactData [firstname=test1227394501 lastname=test1916698072], ContactData [firstname=test820883890 lastname=test-609212113], ContactData [firstname=test762714410 lastname=test-986146047]]&gt;
     but: was &lt;[ContactData [firstname= lastname=], ContactData [firstname= lastname=], ContactData [firstname= lastname=test-1735743936], ContactData [firstname= lastname=test1073862179], ContactData [firstname= lastname=test283538474], ContactData [firstname= lastname=test450035427], ContactData [firstname= lastname=test458017687], ContactData [firstname= lastname=test554808419], ContactData [firstname=test-168285101 lastname=test-600523282], ContactData [firstname=test-149091201 lastname=test1162348483], ContactData [firstname=test-790413402 lastname=test-1968317084], ContactData [firstname=test-2089303806 lastname=test-7207670], ContactData [firstname=test-1832282663 lastname=test-904442283], ContactData [firstname=test1227394501 lastname=test1916698072], ContactData [firstname=test820883890 lastname=test-609212113], ContactData [firstname=test762714410 lastname=test-986146047]]&gt;">
      <![CDATA[java.lang.AssertionError: 
Expected: <[ContactData [firstname= lastname=], ContactData [firstname= lastname=], ContactData [firstname= lastname=test-1735743936], ContactData [firstname= lastname=test1073862179], ContactData [firstname= lastname=test283538474], ContactData [firstname= lastname=test450035427], ContactData [firstname= lastname=test458017687], ContactData [firstname= lastname=test554808419], ContactData [firstname=test-168285101 lastname=test-600523282], ContactData [firstname=test-790413402 lastname=test-1968317084], ContactData [firstname=test-2089303806 lastname=test-7207670], ContactData [firstname=test-1832282663 lastname=test-904442283], ContactData [firstname=test-149091201 lastname=test1162348483], ContactData [firstname=test1227394501 lastname=test1916698072], ContactData [firstname=test820883890 lastname=test-609212113], ContactData [firstname=test762714410 lastname=test-986146047]]]]><![CDATA[>
     but: was <[ContactData [firstname= lastname=], ContactData [firstname= lastname=], ContactData [firstname= lastname=test-1735743936], ContactData [firstname= lastname=test1073862179], ContactData [firstname= lastname=test283538474], ContactData [firstname= lastname=test450035427], ContactData [firstname= lastname=test458017687], ContactData [firstname= lastname=test554808419], ContactData [firstname=test-168285101 lastname=test-600523282], ContactData [firstname=test-149091201 lastname=test1162348483], ContactData [firstname=test-790413402 lastname=test-1968317084], ContactData [firstname=test-2089303806 lastname=test-7207670], ContactData [firstname=test-1832282663 lastname=test-904442283], ContactData [firstname=test1227394501 lastname=test1916698072], ContactData [firstname=test820883890 lastname=test-609212113], ContactData [firstname=test762714410 lastname=test-986146047]]]]><![CDATA[>
	at org.hamcrest.MatcherAssert.assertThat(MatcherAssert.java:20)
	at org.junit.Assert.assertThat(Assert.java:865)
	at org.junit.Assert.assertThat(Assert.java:832)
	at com.example.tests.ContactCreationTests.testContactCreationWithValidData(ContactCreationTests.java:42)
	at sun.reflect.NativeMethodAccessorImpl.invoke0(Native Method)
	at sun.reflect.NativeMethodAccessorImpl.invoke(Unknown Source)
	at sun.reflect.DelegatingMethodAccessorImpl.invoke(Unknown Source)
	at java.lang.reflect.Method.invoke(Unknown Source)
	at org.testng.internal.MethodInvocationHelper.invokeMethod(MethodInvocationHelper.java:84)
	at org.testng.internal.Invoker.invokeMethod(Invoker.java:714)
	at org.testng.internal.Invoker.invokeTestMethod(Invoker.java:901)
	at org.testng.internal.Invoker.invokeTestMethods(Invoker.java:1231)
	at org.testng.internal.TestMethodWorker.invokeTestMethods(TestMethodWorker.java:127)
	at org.testng.internal.TestMethodWorker.run(TestMethodWorker.java:111)
	at org.testng.TestRunner.privateRun(TestRunner.java:767)
	at org.testng.TestRunner.run(TestRunner.java:617)
	at org.testng.SuiteRunner.runTest(SuiteRunner.java:334)
	at org.testng.SuiteRunner.runSequentially(SuiteRunner.java:329)
	at org.testng.SuiteRunner.privateRun(SuiteRunner.java:291)
	at org.testng.SuiteRunner.run(SuiteRunner.java:240)
	at org.testng.SuiteRunnerWorker.runSuite(SuiteRunnerWorker.java:52)
	at org.testng.SuiteRunnerWorker.run(SuiteRunnerWorker.java:86)
	at org.testng.TestNG.runSuitesSequentially(TestNG.java:1224)
	at org.testng.TestNG.runSuitesLocally(TestNG.java:1149)
	at org.testng.TestNG.run(TestNG.java:1057)
	at org.testng.remote.RemoteTestNG.run(RemoteTestNG.java:111)
	at org.testng.remote.RemoteTestNG.initAndRun(RemoteTestNG.java:204)
	at org.testng.remote.RemoteTestNG.main(RemoteTestNG.java:175)
]]>
    </error>
  </testcase> <!-- testContactCreationWithValidData -->
  <testcase name="testContactCreationWithValidData" time="5.070" classname="com.example.tests.ContactCreationTests">
    <error type="java.lang.AssertionError" message="
Expected: &lt;[ContactData [firstname= lastname=], ContactData [firstname= lastname=], ContactData [firstname= lastname=test-1735743936], ContactData [firstname= lastname=test-1775298362], ContactData [firstname= lastname=test1073862179], ContactData [firstname= lastname=test283538474], ContactData [firstname= lastname=test450035427], ContactData [firstname= lastname=test458017687], ContactData [firstname= lastname=test554808419], ContactData [firstname=test-168285101 lastname=test-600523282], ContactData [firstname=test-149091201 lastname=test1162348483], ContactData [firstname=test-790413402 lastname=test-1968317084], ContactData [firstname=test-2089303806 lastname=test-7207670], ContactData [firstname=test-1832282663 lastname=test-904442283], ContactData [firstname=test1227394501 lastname=test1916698072], ContactData [firstname=test820883890 lastname=test-609212113], ContactData [firstname=test762714410 lastname=test-986146047]]&gt;
     but: was &lt;[ContactData [firstname= lastname=], ContactData [firstname= lastname=], ContactData [firstname= lastname=test-1735743936], ContactData [firstname= lastname=test-1775298362], ContactData [firstname= lastname=test1073862179], ContactData [firstname= lastname=test283538474], ContactData [firstname= lastname=test450035427], ContactData [firstname= lastname=test458017687], ContactData [firstname= lastname=test554808419], ContactData [firstname=test-168285101 lastname=test-600523282], ContactData [firstname=test-790413402 lastname=test-1968317084], ContactData [firstname=test-2089303806 lastname=test-7207670], ContactData [firstname=test-1832282663 lastname=test-904442283], ContactData [firstname=test-149091201 lastname=test1162348483], ContactData [firstname=test1227394501 lastname=test1916698072], ContactData [firstname=test820883890 lastname=test-609212113], ContactData [firstname=test762714410 lastname=test-986146047]]&gt;">
      <![CDATA[java.lang.AssertionError: 
Expected: <[ContactData [firstname= lastname=], ContactData [firstname= lastname=], ContactData [firstname= lastname=test-1735743936], ContactData [firstname= lastname=test-1775298362], ContactData [firstname= lastname=test1073862179], ContactData [firstname= lastname=test283538474], ContactData [firstname= lastname=test450035427], ContactData [firstname= lastname=test458017687], ContactData [firstname= lastname=test554808419], ContactData [firstname=test-168285101 lastname=test-600523282], ContactData [firstname=test-149091201 lastname=test1162348483], ContactData [firstname=test-790413402 lastname=test-1968317084], ContactData [firstname=test-2089303806 lastname=test-7207670], ContactData [firstname=test-1832282663 lastname=test-904442283], ContactData [firstname=test1227394501 lastname=test1916698072], ContactData [firstname=test820883890 lastname=test-609212113], ContactData [firstname=test762714410 lastname=test-986146047]]]]><![CDATA[>
     but: was <[ContactData [firstname= lastname=], ContactData [firstname= lastname=], ContactData [firstname= lastname=test-1735743936], ContactData [firstname= lastname=test-1775298362], ContactData [firstname= lastname=test1073862179], ContactData [firstname= lastname=test283538474], ContactData [firstname= lastname=test450035427], ContactData [firstname= lastname=test458017687], ContactData [firstname= lastname=test554808419], ContactData [firstname=test-168285101 lastname=test-600523282], ContactData [firstname=test-790413402 lastname=test-1968317084], ContactData [firstname=test-2089303806 lastname=test-7207670], ContactData [firstname=test-1832282663 lastname=test-904442283], ContactData [firstname=test-149091201 lastname=test1162348483], ContactData [firstname=test1227394501 lastname=test1916698072], ContactData [firstname=test820883890 lastname=test-609212113], ContactData [firstname=test762714410 lastname=test-986146047]]]]><![CDATA[>
	at org.hamcrest.MatcherAssert.assertThat(MatcherAssert.java:20)
	at org.junit.Assert.assertThat(Assert.java:865)
	at org.junit.Assert.assertThat(Assert.java:832)
	at com.example.tests.ContactCreationTests.testContactCreationWithValidData(ContactCreationTests.java:42)
	at sun.reflect.NativeMethodAccessorImpl.invoke0(Native Method)
	at sun.reflect.NativeMethodAccessorImpl.invoke(Unknown Source)
	at sun.reflect.DelegatingMethodAccessorImpl.invoke(Unknown Source)
	at java.lang.reflect.Method.invoke(Unknown Source)
	at org.testng.internal.MethodInvocationHelper.invokeMethod(MethodInvocationHelper.java:84)
	at org.testng.internal.Invoker.invokeMethod(Invoker.java:714)
	at org.testng.internal.Invoker.invokeTestMethod(Invoker.java:901)
	at org.testng.internal.Invoker.invokeTestMethods(Invoker.java:1231)
	at org.testng.internal.TestMethodWorker.invokeTestMethods(TestMethodWorker.java:127)
	at org.testng.internal.TestMethodWorker.run(TestMethodWorker.java:111)
	at org.testng.TestRunner.privateRun(TestRunner.java:767)
	at org.testng.TestRunner.run(TestRunner.java:617)
	at org.testng.SuiteRunner.runTest(SuiteRunner.java:334)
	at org.testng.SuiteRunner.runSequentially(SuiteRunner.java:329)
	at org.testng.SuiteRunner.privateRun(SuiteRunner.java:291)
	at org.testng.SuiteRunner.run(SuiteRunner.java:240)
	at org.testng.SuiteRunnerWorker.runSuite(SuiteRunnerWorker.java:52)
	at org.testng.SuiteRunnerWorker.run(SuiteRunnerWorker.java:86)
	at org.testng.TestNG.runSuitesSequentially(TestNG.java:1224)
	at org.testng.TestNG.runSuitesLocally(TestNG.java:1149)
	at org.testng.TestNG.run(TestNG.java:1057)
	at org.testng.remote.RemoteTestNG.run(RemoteTestNG.java:111)
	at org.testng.remote.RemoteTestNG.initAndRun(RemoteTestNG.java:204)
	at org.testng.remote.RemoteTestNG.main(RemoteTestNG.java:175)
]]>
    </error>
  </testcase> <!-- testContactCreationWithValidData -->
  <testcase name="testContactCreationWithValidData" time="5.346" classname="com.example.tests.ContactCreationTests"/>
  <testcase name="testContactCreationWithValidData" time="5.001" classname="com.example.tests.ContactCreationTests">
    <error type="java.lang.AssertionError" message="
Expected: &lt;[ContactData [firstname= lastname=], ContactData [firstname= lastname=], ContactData [firstname= lastname=test-1735743936], ContactData [firstname= lastname=test1073862179], ContactData [firstname= lastname=test283538474], ContactData [firstname= lastname=test450035427], ContactData [firstname= lastname=test458017687], ContactData [firstname= lastname=test554808419], ContactData [firstname=test-168285101 lastname=test-600523282], ContactData [firstname=test-149091201 lastname=test1162348483], ContactData [firstname=test-790413402 lastname=test-1968317084], ContactData [firstname=test-2089303806 lastname=test-7207670], ContactData [firstname=test-1832282663 lastname=test-904442283], ContactData [firstname=test1227394501 lastname=test1916698072], ContactData [firstname=test762714410 lastname=test-986146047]]&gt;
     but: was &lt;[ContactData [firstname= lastname=], ContactData [firstname= lastname=], ContactData [firstname= lastname=test-1735743936], ContactData [firstname= lastname=test1073862179], ContactData [firstname= lastname=test283538474], ContactData [firstname= lastname=test450035427], ContactData [firstname= lastname=test458017687], ContactData [firstname= lastname=test554808419], ContactData [firstname=test-168285101 lastname=test-600523282], ContactData [firstname=test-790413402 lastname=test-1968317084], ContactData [firstname=test-2089303806 lastname=test-7207670], ContactData [firstname=test-1832282663 lastname=test-904442283], ContactData [firstname=test-149091201 lastname=test1162348483], ContactData [firstname=test1227394501 lastname=test1916698072], ContactData [firstname=test762714410 lastname=test-986146047]]&gt;">
      <![CDATA[java.lang.AssertionError: 
Expected: <[ContactData [firstname= lastname=], ContactData [firstname= lastname=], ContactData [firstname= lastname=test-1735743936], ContactData [firstname= lastname=test1073862179], ContactData [firstname= lastname=test283538474], ContactData [firstname= lastname=test450035427], ContactData [firstname= lastname=test458017687], ContactData [firstname= lastname=test554808419], ContactData [firstname=test-168285101 lastname=test-600523282], ContactData [firstname=test-149091201 lastname=test1162348483], ContactData [firstname=test-790413402 lastname=test-1968317084], ContactData [firstname=test-2089303806 lastname=test-7207670], ContactData [firstname=test-1832282663 lastname=test-904442283], ContactData [firstname=test1227394501 lastname=test1916698072], ContactData [firstname=test762714410 lastname=test-986146047]]]]><![CDATA[>
     but: was <[ContactData [firstname= lastname=], ContactData [firstname= lastname=], ContactData [firstname= lastname=test-1735743936], ContactData [firstname= lastname=test1073862179], ContactData [firstname= lastname=test283538474], ContactData [firstname= lastname=test450035427], ContactData [firstname= lastname=test458017687], ContactData [firstname= lastname=test554808419], ContactData [firstname=test-168285101 lastname=test-600523282], ContactData [firstname=test-790413402 lastname=test-1968317084], ContactData [firstname=test-2089303806 lastname=test-7207670], ContactData [firstname=test-1832282663 lastname=test-904442283], ContactData [firstname=test-149091201 lastname=test1162348483], ContactData [firstname=test1227394501 lastname=test1916698072], ContactData [firstname=test762714410 lastname=test-986146047]]]]><![CDATA[>
	at org.hamcrest.MatcherAssert.assertThat(MatcherAssert.java:20)
	at org.junit.Assert.assertThat(Assert.java:865)
	at org.junit.Assert.assertThat(Assert.java:832)
	at com.example.tests.ContactCreationTests.testContactCreationWithValidData(ContactCreationTests.java:42)
	at sun.reflect.NativeMethodAccessorImpl.invoke0(Native Method)
	at sun.reflect.NativeMethodAccessorImpl.invoke(Unknown Source)
	at sun.reflect.DelegatingMethodAccessorImpl.invoke(Unknown Source)
	at java.lang.reflect.Method.invoke(Unknown Source)
	at org.testng.internal.MethodInvocationHelper.invokeMethod(MethodInvocationHelper.java:84)
	at org.testng.internal.Invoker.invokeMethod(Invoker.java:714)
	at org.testng.internal.Invoker.invokeTestMethod(Invoker.java:901)
	at org.testng.internal.Invoker.invokeTestMethods(Invoker.java:1231)
	at org.testng.internal.TestMethodWorker.invokeTestMethods(TestMethodWorker.java:127)
	at org.testng.internal.TestMethodWorker.run(TestMethodWorker.java:111)
	at org.testng.TestRunner.privateRun(TestRunner.java:767)
	at org.testng.TestRunner.run(TestRunner.java:617)
	at org.testng.SuiteRunner.runTest(SuiteRunner.java:334)
	at org.testng.SuiteRunner.runSequentially(SuiteRunner.java:329)
	at org.testng.SuiteRunner.privateRun(SuiteRunner.java:291)
	at org.testng.SuiteRunner.run(SuiteRunner.java:240)
	at org.testng.SuiteRunnerWorker.runSuite(SuiteRunnerWorker.java:52)
	at org.testng.SuiteRunnerWorker.run(SuiteRunnerWorker.java:86)
	at org.testng.TestNG.runSuitesSequentially(TestNG.java:1224)
	at org.testng.TestNG.runSuitesLocally(TestNG.java:1149)
	at org.testng.TestNG.run(TestNG.java:1057)
	at org.testng.remote.RemoteTestNG.run(RemoteTestNG.java:111)
	at org.testng.remote.RemoteTestNG.initAndRun(RemoteTestNG.java:204)
	at org.testng.remote.RemoteTestNG.main(RemoteTestNG.java:175)
]]>
    </error>
  </testcase> <!-- testContactCreationWithValidData -->
  <testcase name="testContactCreationWithValidData" time="5.715" classname="com.example.tests.ContactCreationTests">
    <error type="java.lang.AssertionError" message="
Expected: &lt;[ContactData [firstname= lastname=], ContactData [firstname= lastname=test-1735743936], ContactData [firstname= lastname=test1073862179], ContactData [firstname= lastname=test450035427], ContactData [firstname= lastname=test458017687], ContactData [firstname= lastname=test554808419], ContactData [firstname=test-168285101 lastname=test-600523282], ContactData [firstname=test-790413402 lastname=test-1968317084], ContactData [firstname=test-2089303806 lastname=test-7207670], ContactData [firstname=test-1832282663 lastname=test-904442283], ContactData [firstname=test-149091201 lastname=test1162348483], ContactData [firstname=test1227394501 lastname=test1916698072], ContactData [firstname=test762714410 lastname=test-986146047]]&gt;
     but: was &lt;[ContactData [firstname= lastname=], ContactData [firstname= lastname=test-1735743936], ContactData [firstname= lastname=test1073862179], ContactData [firstname= lastname=test450035427], ContactData [firstname= lastname=test458017687], ContactData [firstname= lastname=test554808419], ContactData [firstname=test-168285101 lastname=test-600523282], ContactData [firstname=test-149091201 lastname=test1162348483], ContactData [firstname=test-790413402 lastname=test-1968317084], ContactData [firstname=test-2089303806 lastname=test-7207670], ContactData [firstname=test-1832282663 lastname=test-904442283], ContactData [firstname=test1227394501 lastname=test1916698072], ContactData [firstname=test762714410 lastname=test-986146047]]&gt;">
      <![CDATA[java.lang.AssertionError: 
Expected: <[ContactData [firstname= lastname=], ContactData [firstname= lastname=test-1735743936], ContactData [firstname= lastname=test1073862179], ContactData [firstname= lastname=test450035427], ContactData [firstname= lastname=test458017687], ContactData [firstname= lastname=test554808419], ContactData [firstname=test-168285101 lastname=test-600523282], ContactData [firstname=test-790413402 lastname=test-1968317084], ContactData [firstname=test-2089303806 lastname=test-7207670], ContactData [firstname=test-1832282663 lastname=test-904442283], ContactData [firstname=test-149091201 lastname=test1162348483], ContactData [firstname=test1227394501 lastname=test1916698072], ContactData [firstname=test762714410 lastname=test-986146047]]]]><![CDATA[>
     but: was <[ContactData [firstname= lastname=], ContactData [firstname= lastname=test-1735743936], ContactData [firstname= lastname=test1073862179], ContactData [firstname= lastname=test450035427], ContactData [firstname= lastname=test458017687], ContactData [firstname= lastname=test554808419], ContactData [firstname=test-168285101 lastname=test-600523282], ContactData [firstname=test-149091201 lastname=test1162348483], ContactData [firstname=test-790413402 lastname=test-1968317084], ContactData [firstname=test-2089303806 lastname=test-7207670], ContactData [firstname=test-1832282663 lastname=test-904442283], ContactData [firstname=test1227394501 lastname=test1916698072], ContactData [firstname=test762714410 lastname=test-986146047]]]]><![CDATA[>
	at org.hamcrest.MatcherAssert.assertThat(MatcherAssert.java:20)
	at org.junit.Assert.assertThat(Assert.java:865)
	at org.junit.Assert.assertThat(Assert.java:832)
	at com.example.tests.ContactCreationTests.testContactCreationWithValidData(ContactCreationTests.java:42)
	at sun.reflect.NativeMethodAccessorImpl.invoke0(Native Method)
	at sun.reflect.NativeMethodAccessorImpl.invoke(Unknown Source)
	at sun.reflect.DelegatingMethodAccessorImpl.invoke(Unknown Source)
	at java.lang.reflect.Method.invoke(Unknown Source)
	at org.testng.internal.MethodInvocationHelper.invokeMethod(MethodInvocationHelper.java:84)
	at org.testng.internal.Invoker.invokeMethod(Invoker.java:714)
	at org.testng.internal.Invoker.invokeTestMethod(Invoker.java:901)
	at org.testng.internal.Invoker.invokeTestMethods(Invoker.java:1231)
	at org.testng.internal.TestMethodWorker.invokeTestMethods(TestMethodWorker.java:127)
	at org.testng.internal.TestMethodWorker.run(TestMethodWorker.java:111)
	at org.testng.TestRunner.privateRun(TestRunner.java:767)
	at org.testng.TestRunner.run(TestRunner.java:617)
	at org.testng.SuiteRunner.runTest(SuiteRunner.java:334)
	at org.testng.SuiteRunner.runSequentially(SuiteRunner.java:329)
	at org.testng.SuiteRunner.privateRun(SuiteRunner.java:291)
	at org.testng.SuiteRunner.run(SuiteRunner.java:240)
	at org.testng.SuiteRunnerWorker.runSuite(SuiteRunnerWorker.java:52)
	at org.testng.SuiteRunnerWorker.run(SuiteRunnerWorker.java:86)
	at org.testng.TestNG.runSuitesSequentially(TestNG.java:1224)
	at org.testng.TestNG.runSuitesLocally(TestNG.java:1149)
	at org.testng.TestNG.run(TestNG.java:1057)
	at org.testng.remote.RemoteTestNG.run(RemoteTestNG.java:111)
	at org.testng.remote.RemoteTestNG.initAndRun(RemoteTestNG.java:204)
	at org.testng.remote.RemoteTestNG.main(RemoteTestNG.java:175)
]]>
    </error>
  </testcase> <!-- testContactCreationWithValidData -->
</testsuite> <!-- com.example.tests.ContactCreationTests -->
