<?xml version="1.0" encoding="UTF-8"?>
<!-- Generated by org.testng.reporters.JUnitReportReporter -->
<testsuite hostname="RMLFD0456" name="com.example.tests.ContactModificationTests" tests="5" failures="0" timestamp="8 Jan 2014 21:08:44 GMT" time="25.217" errors="4">
  <testcase name="modifySomeGroup" time="4.906" classname="com.example.tests.ContactModificationTests"/>
  <testcase name="modifySomeGroup" time="4.828" classname="com.example.tests.ContactModificationTests">
    <error type="java.lang.AssertionError" message="
Expected: &lt;[ContactData [firstname= lastname=], ContactData [firstname=test-444928066 lastname=], ContactData [firstname=test1981598559 lastname=], ContactData [firstname=test253981903 lastname=], ContactData [firstname=test295525935 lastname=], ContactData [firstname= lastname=test-1220411625], ContactData [firstname= lastname=test-1521234585], ContactData [firstname= lastname=test-1714903680], ContactData [firstname= lastname=test-1815082961], ContactData [firstname=test-1881874524 lastname=test-390544604], ContactData [firstname=test-926488362 lastname=test-1630944334], ContactData [firstname=test2044429135 lastname=test-1563125845], ContactData [firstname=test1408108932 lastname=test-419746320], ContactData [firstname=test-713866974 lastname=test-912880], ContactData [firstname=test1215349012 lastname=test181750501]]&gt;
     but: was &lt;[ContactData [firstname= lastname=], ContactData [firstname=test-444928066 lastname=], ContactData [firstname=test1981598559 lastname=], ContactData [firstname=test253981903 lastname=], ContactData [firstname=test295525935 lastname=], ContactData [firstname= lastname=test-1220411625], ContactData [firstname= lastname=test-1521234585], ContactData [firstname= lastname=test-1815082961], ContactData [firstname= lastname=test1642682081], ContactData [firstname=test-1881874524 lastname=test-390544604], ContactData [firstname=test-926488362 lastname=test-1630944334], ContactData [firstname=test2044429135 lastname=test-1563125845], ContactData [firstname=test1408108932 lastname=test-419746320], ContactData [firstname=test-713866974 lastname=test-912880], ContactData [firstname=test1215349012 lastname=test181750501]]&gt;">
      <![CDATA[java.lang.AssertionError: 
Expected: <[ContactData [firstname= lastname=], ContactData [firstname=test-444928066 lastname=], ContactData [firstname=test1981598559 lastname=], ContactData [firstname=test253981903 lastname=], ContactData [firstname=test295525935 lastname=], ContactData [firstname= lastname=test-1220411625], ContactData [firstname= lastname=test-1521234585], ContactData [firstname= lastname=test-1714903680], ContactData [firstname= lastname=test-1815082961], ContactData [firstname=test-1881874524 lastname=test-390544604], ContactData [firstname=test-926488362 lastname=test-1630944334], ContactData [firstname=test2044429135 lastname=test-1563125845], ContactData [firstname=test1408108932 lastname=test-419746320], ContactData [firstname=test-713866974 lastname=test-912880], ContactData [firstname=test1215349012 lastname=test181750501]]]]><![CDATA[>
     but: was <[ContactData [firstname= lastname=], ContactData [firstname=test-444928066 lastname=], ContactData [firstname=test1981598559 lastname=], ContactData [firstname=test253981903 lastname=], ContactData [firstname=test295525935 lastname=], ContactData [firstname= lastname=test-1220411625], ContactData [firstname= lastname=test-1521234585], ContactData [firstname= lastname=test-1815082961], ContactData [firstname= lastname=test1642682081], ContactData [firstname=test-1881874524 lastname=test-390544604], ContactData [firstname=test-926488362 lastname=test-1630944334], ContactData [firstname=test2044429135 lastname=test-1563125845], ContactData [firstname=test1408108932 lastname=test-419746320], ContactData [firstname=test-713866974 lastname=test-912880], ContactData [firstname=test1215349012 lastname=test181750501]]]]><![CDATA[>
	at org.hamcrest.MatcherAssert.assertThat(MatcherAssert.java:20)
	at org.junit.Assert.assertThat(Assert.java:865)
	at org.junit.Assert.assertThat(Assert.java:832)
	at com.example.tests.ContactModificationTests.modifySomeGroup(ContactModificationTests.java:29)
	at sun.reflect.NativeMethodAccessorImpl.invoke0(Native Method)
	at sun.reflect.NativeMethodAccessorImpl.invoke(Unknown Source)
	at sun.reflect.DelegatingMethodAccessorImpl.invoke(Unknown Source)
	at java.lang.reflect.Method.invoke(Unknown Source)
	at org.testng.internal.MethodInvocationHelper.invokeMethod(MethodInvocationHelper.java:84)
	at org.testng.internal.Invoker.invokeMethod(Invoker.java:714)
	at org.testng.internal.Invoker.invokeTestMethod(Invoker.java:901)
	at org.testng.internal.Invoker.invokeTestMethods(Invoker.java:1231)
	at org.testng.internal.TestMethodWorker.invokeTestMethods(TestMethodWorker.java:127)
	at org.testng.internal.TestMethodWorker.run(TestMethodWorker.java:111)
	at org.testng.TestRunner.privateRun(TestRunner.java:767)
	at org.testng.TestRunner.run(TestRunner.java:617)
	at org.testng.SuiteRunner.runTest(SuiteRunner.java:334)
	at org.testng.SuiteRunner.runSequentially(SuiteRunner.java:329)
	at org.testng.SuiteRunner.privateRun(SuiteRunner.java:291)
	at org.testng.SuiteRunner.run(SuiteRunner.java:240)
	at org.testng.SuiteRunnerWorker.runSuite(SuiteRunnerWorker.java:52)
	at org.testng.SuiteRunnerWorker.run(SuiteRunnerWorker.java:86)
	at org.testng.TestNG.runSuitesSequentially(TestNG.java:1224)
	at org.testng.TestNG.runSuitesLocally(TestNG.java:1149)
	at org.testng.TestNG.run(TestNG.java:1057)
	at org.testng.remote.RemoteTestNG.run(RemoteTestNG.java:111)
	at org.testng.remote.RemoteTestNG.initAndRun(RemoteTestNG.java:204)
	at org.testng.remote.RemoteTestNG.main(RemoteTestNG.java:175)
]]>
    </error>
  </testcase> <!-- modifySomeGroup -->
  <testcase name="modifySomeGroup" time="4.941" classname="com.example.tests.ContactModificationTests">
    <error type="java.lang.AssertionError" message="
Expected: &lt;[ContactData [firstname= lastname=], ContactData [firstname=test-444928066 lastname=], ContactData [firstname=test253981903 lastname=], ContactData [firstname=test295525935 lastname=], ContactData [firstname= lastname=test-1220411625], ContactData [firstname= lastname=test-1521234585], ContactData [firstname= lastname=test-543879937], ContactData [firstname= lastname=test698118872], ContactData [firstname=test-1794960797 lastname=test-356792503], ContactData [firstname=test-1881874524 lastname=test-390544604], ContactData [firstname=test-926488362 lastname=test-1630944334], ContactData [firstname=test2044429135 lastname=test-1563125845], ContactData [firstname=test1408108932 lastname=test-419746320], ContactData [firstname=test-713866974 lastname=test-912880], ContactData [firstname=test1215349012 lastname=test181750501]]&gt;
     but: was &lt;[ContactData [firstname= lastname=], ContactData [firstname=test-444928066 lastname=], ContactData [firstname=test253981903 lastname=], ContactData [firstname=test295525935 lastname=], ContactData [firstname= lastname=test-1220411625], ContactData [firstname= lastname=test-1521234585], ContactData [firstname= lastname=test-1815082961], ContactData [firstname= lastname=test-543879937], ContactData [firstname= lastname=test698118872], ContactData [firstname=test-1794960797 lastname=test-356792503], ContactData [firstname=test-1881874524 lastname=test-390544604], ContactData [firstname=test-926488362 lastname=test-1630944334], ContactData [firstname=test1408108932 lastname=test-419746320], ContactData [firstname=test-713866974 lastname=test-912880], ContactData [firstname=test1215349012 lastname=test181750501]]&gt;">
      <![CDATA[java.lang.AssertionError: 
Expected: <[ContactData [firstname= lastname=], ContactData [firstname=test-444928066 lastname=], ContactData [firstname=test253981903 lastname=], ContactData [firstname=test295525935 lastname=], ContactData [firstname= lastname=test-1220411625], ContactData [firstname= lastname=test-1521234585], ContactData [firstname= lastname=test-543879937], ContactData [firstname= lastname=test698118872], ContactData [firstname=test-1794960797 lastname=test-356792503], ContactData [firstname=test-1881874524 lastname=test-390544604], ContactData [firstname=test-926488362 lastname=test-1630944334], ContactData [firstname=test2044429135 lastname=test-1563125845], ContactData [firstname=test1408108932 lastname=test-419746320], ContactData [firstname=test-713866974 lastname=test-912880], ContactData [firstname=test1215349012 lastname=test181750501]]]]><![CDATA[>
     but: was <[ContactData [firstname= lastname=], ContactData [firstname=test-444928066 lastname=], ContactData [firstname=test253981903 lastname=], ContactData [firstname=test295525935 lastname=], ContactData [firstname= lastname=test-1220411625], ContactData [firstname= lastname=test-1521234585], ContactData [firstname= lastname=test-1815082961], ContactData [firstname= lastname=test-543879937], ContactData [firstname= lastname=test698118872], ContactData [firstname=test-1794960797 lastname=test-356792503], ContactData [firstname=test-1881874524 lastname=test-390544604], ContactData [firstname=test-926488362 lastname=test-1630944334], ContactData [firstname=test1408108932 lastname=test-419746320], ContactData [firstname=test-713866974 lastname=test-912880], ContactData [firstname=test1215349012 lastname=test181750501]]]]><![CDATA[>
	at org.hamcrest.MatcherAssert.assertThat(MatcherAssert.java:20)
	at org.junit.Assert.assertThat(Assert.java:865)
	at org.junit.Assert.assertThat(Assert.java:832)
	at com.example.tests.ContactModificationTests.modifySomeGroup(ContactModificationTests.java:29)
	at sun.reflect.NativeMethodAccessorImpl.invoke0(Native Method)
	at sun.reflect.NativeMethodAccessorImpl.invoke(Unknown Source)
	at sun.reflect.DelegatingMethodAccessorImpl.invoke(Unknown Source)
	at java.lang.reflect.Method.invoke(Unknown Source)
	at org.testng.internal.MethodInvocationHelper.invokeMethod(MethodInvocationHelper.java:84)
	at org.testng.internal.Invoker.invokeMethod(Invoker.java:714)
	at org.testng.internal.Invoker.invokeTestMethod(Invoker.java:901)
	at org.testng.internal.Invoker.invokeTestMethods(Invoker.java:1231)
	at org.testng.internal.TestMethodWorker.invokeTestMethods(TestMethodWorker.java:127)
	at org.testng.internal.TestMethodWorker.run(TestMethodWorker.java:111)
	at org.testng.TestRunner.privateRun(TestRunner.java:767)
	at org.testng.TestRunner.run(TestRunner.java:617)
	at org.testng.SuiteRunner.runTest(SuiteRunner.java:334)
	at org.testng.SuiteRunner.runSequentially(SuiteRunner.java:329)
	at org.testng.SuiteRunner.privateRun(SuiteRunner.java:291)
	at org.testng.SuiteRunner.run(SuiteRunner.java:240)
	at org.testng.SuiteRunnerWorker.runSuite(SuiteRunnerWorker.java:52)
	at org.testng.SuiteRunnerWorker.run(SuiteRunnerWorker.java:86)
	at org.testng.TestNG.runSuitesSequentially(TestNG.java:1224)
	at org.testng.TestNG.runSuitesLocally(TestNG.java:1149)
	at org.testng.TestNG.run(TestNG.java:1057)
	at org.testng.remote.RemoteTestNG.run(RemoteTestNG.java:111)
	at org.testng.remote.RemoteTestNG.initAndRun(RemoteTestNG.java:204)
	at org.testng.remote.RemoteTestNG.main(RemoteTestNG.java:175)
]]>
    </error>
  </testcase> <!-- modifySomeGroup -->
  <testcase name="modifySomeGroup" time="5.556" classname="com.example.tests.ContactModificationTests">
    <error type="java.lang.AssertionError" message="
Expected: &lt;[ContactData [firstname= lastname=], ContactData [firstname=test-444928066 lastname=], ContactData [firstname=test253981903 lastname=], ContactData [firstname=test295525935 lastname=], ContactData [firstname= lastname=test-1220411625], ContactData [firstname= lastname=test-1521234585], ContactData [firstname= lastname=test-1815082961], ContactData [firstname= lastname=test1642682081], ContactData [firstname=test-1881874524 lastname=test-390544604], ContactData [firstname=test-926488362 lastname=test-1630944334], ContactData [firstname=test1091430382 lastname=test-153032602], ContactData [firstname=test2044429135 lastname=test-1563125845], ContactData [firstname=test1408108932 lastname=test-419746320], ContactData [firstname=test-713866974 lastname=test-912880], ContactData [firstname=test1215349012 lastname=test181750501]]&gt;
     but: was &lt;[ContactData [firstname= lastname=], ContactData [firstname=test-444928066 lastname=], ContactData [firstname=test253981903 lastname=], ContactData [firstname=test295525935 lastname=], ContactData [firstname= lastname=test-1220411625], ContactData [firstname= lastname=test-1521234585], ContactData [firstname= lastname=test-1714903680], ContactData [firstname= lastname=test-1815082961], ContactData [firstname= lastname=test1642682081], ContactData [firstname=test-1881874524 lastname=test-390544604], ContactData [firstname=test-926488362 lastname=test-1630944334], ContactData [firstname=test2044429135 lastname=test-1563125845], ContactData [firstname=test1408108932 lastname=test-419746320], ContactData [firstname=test-713866974 lastname=test-912880], ContactData [firstname=test1215349012 lastname=test181750501]]&gt;">
      <![CDATA[java.lang.AssertionError: 
Expected: <[ContactData [firstname= lastname=], ContactData [firstname=test-444928066 lastname=], ContactData [firstname=test253981903 lastname=], ContactData [firstname=test295525935 lastname=], ContactData [firstname= lastname=test-1220411625], ContactData [firstname= lastname=test-1521234585], ContactData [firstname= lastname=test-1815082961], ContactData [firstname= lastname=test1642682081], ContactData [firstname=test-1881874524 lastname=test-390544604], ContactData [firstname=test-926488362 lastname=test-1630944334], ContactData [firstname=test1091430382 lastname=test-153032602], ContactData [firstname=test2044429135 lastname=test-1563125845], ContactData [firstname=test1408108932 lastname=test-419746320], ContactData [firstname=test-713866974 lastname=test-912880], ContactData [firstname=test1215349012 lastname=test181750501]]]]><![CDATA[>
     but: was <[ContactData [firstname= lastname=], ContactData [firstname=test-444928066 lastname=], ContactData [firstname=test253981903 lastname=], ContactData [firstname=test295525935 lastname=], ContactData [firstname= lastname=test-1220411625], ContactData [firstname= lastname=test-1521234585], ContactData [firstname= lastname=test-1714903680], ContactData [firstname= lastname=test-1815082961], ContactData [firstname= lastname=test1642682081], ContactData [firstname=test-1881874524 lastname=test-390544604], ContactData [firstname=test-926488362 lastname=test-1630944334], ContactData [firstname=test2044429135 lastname=test-1563125845], ContactData [firstname=test1408108932 lastname=test-419746320], ContactData [firstname=test-713866974 lastname=test-912880], ContactData [firstname=test1215349012 lastname=test181750501]]]]><![CDATA[>
	at org.hamcrest.MatcherAssert.assertThat(MatcherAssert.java:20)
	at org.junit.Assert.assertThat(Assert.java:865)
	at org.junit.Assert.assertThat(Assert.java:832)
	at com.example.tests.ContactModificationTests.modifySomeGroup(ContactModificationTests.java:29)
	at sun.reflect.NativeMethodAccessorImpl.invoke0(Native Method)
	at sun.reflect.NativeMethodAccessorImpl.invoke(Unknown Source)
	at sun.reflect.DelegatingMethodAccessorImpl.invoke(Unknown Source)
	at java.lang.reflect.Method.invoke(Unknown Source)
	at org.testng.internal.MethodInvocationHelper.invokeMethod(MethodInvocationHelper.java:84)
	at org.testng.internal.Invoker.invokeMethod(Invoker.java:714)
	at org.testng.internal.Invoker.invokeTestMethod(Invoker.java:901)
	at org.testng.internal.Invoker.invokeTestMethods(Invoker.java:1231)
	at org.testng.internal.TestMethodWorker.invokeTestMethods(TestMethodWorker.java:127)
	at org.testng.internal.TestMethodWorker.run(TestMethodWorker.java:111)
	at org.testng.TestRunner.privateRun(TestRunner.java:767)
	at org.testng.TestRunner.run(TestRunner.java:617)
	at org.testng.SuiteRunner.runTest(SuiteRunner.java:334)
	at org.testng.SuiteRunner.runSequentially(SuiteRunner.java:329)
	at org.testng.SuiteRunner.privateRun(SuiteRunner.java:291)
	at org.testng.SuiteRunner.run(SuiteRunner.java:240)
	at org.testng.SuiteRunnerWorker.runSuite(SuiteRunnerWorker.java:52)
	at org.testng.SuiteRunnerWorker.run(SuiteRunnerWorker.java:86)
	at org.testng.TestNG.runSuitesSequentially(TestNG.java:1224)
	at org.testng.TestNG.runSuitesLocally(TestNG.java:1149)
	at org.testng.TestNG.run(TestNG.java:1057)
	at org.testng.remote.RemoteTestNG.run(RemoteTestNG.java:111)
	at org.testng.remote.RemoteTestNG.initAndRun(RemoteTestNG.java:204)
	at org.testng.remote.RemoteTestNG.main(RemoteTestNG.java:175)
]]>
    </error>
  </testcase> <!-- modifySomeGroup -->
  <testcase name="modifySomeGroup" time="4.986" classname="com.example.tests.ContactModificationTests">
    <error type="java.lang.AssertionError" message="
Expected: &lt;[ContactData [firstname= lastname=], ContactData [firstname=test-444928066 lastname=], ContactData [firstname=test253981903 lastname=], ContactData [firstname=test295525935 lastname=], ContactData [firstname= lastname=test-1220411625], ContactData [firstname= lastname=test-1521234585], ContactData [firstname= lastname=test-1815082961], ContactData [firstname= lastname=test-543879937], ContactData [firstname= lastname=test1642682081], ContactData [firstname= lastname=test698118872], ContactData [firstname=test-1881874524 lastname=test-390544604], ContactData [firstname=test-926488362 lastname=test-1630944334], ContactData [firstname=test2044429135 lastname=test-1563125845], ContactData [firstname=test1408108932 lastname=test-419746320], ContactData [firstname=test1215349012 lastname=test181750501]]&gt;
     but: was &lt;[ContactData [firstname= lastname=], ContactData [firstname=test-444928066 lastname=], ContactData [firstname=test253981903 lastname=], ContactData [firstname=test295525935 lastname=], ContactData [firstname= lastname=test-1220411625], ContactData [firstname= lastname=test-1521234585], ContactData [firstname= lastname=test-1815082961], ContactData [firstname= lastname=test-543879937], ContactData [firstname= lastname=test698118872], ContactData [firstname=test-1881874524 lastname=test-390544604], ContactData [firstname=test-926488362 lastname=test-1630944334], ContactData [firstname=test2044429135 lastname=test-1563125845], ContactData [firstname=test1408108932 lastname=test-419746320], ContactData [firstname=test-713866974 lastname=test-912880], ContactData [firstname=test1215349012 lastname=test181750501]]&gt;">
      <![CDATA[java.lang.AssertionError: 
Expected: <[ContactData [firstname= lastname=], ContactData [firstname=test-444928066 lastname=], ContactData [firstname=test253981903 lastname=], ContactData [firstname=test295525935 lastname=], ContactData [firstname= lastname=test-1220411625], ContactData [firstname= lastname=test-1521234585], ContactData [firstname= lastname=test-1815082961], ContactData [firstname= lastname=test-543879937], ContactData [firstname= lastname=test1642682081], ContactData [firstname= lastname=test698118872], ContactData [firstname=test-1881874524 lastname=test-390544604], ContactData [firstname=test-926488362 lastname=test-1630944334], ContactData [firstname=test2044429135 lastname=test-1563125845], ContactData [firstname=test1408108932 lastname=test-419746320], ContactData [firstname=test1215349012 lastname=test181750501]]]]><![CDATA[>
     but: was <[ContactData [firstname= lastname=], ContactData [firstname=test-444928066 lastname=], ContactData [firstname=test253981903 lastname=], ContactData [firstname=test295525935 lastname=], ContactData [firstname= lastname=test-1220411625], ContactData [firstname= lastname=test-1521234585], ContactData [firstname= lastname=test-1815082961], ContactData [firstname= lastname=test-543879937], ContactData [firstname= lastname=test698118872], ContactData [firstname=test-1881874524 lastname=test-390544604], ContactData [firstname=test-926488362 lastname=test-1630944334], ContactData [firstname=test2044429135 lastname=test-1563125845], ContactData [firstname=test1408108932 lastname=test-419746320], ContactData [firstname=test-713866974 lastname=test-912880], ContactData [firstname=test1215349012 lastname=test181750501]]]]><![CDATA[>
	at org.hamcrest.MatcherAssert.assertThat(MatcherAssert.java:20)
	at org.junit.Assert.assertThat(Assert.java:865)
	at org.junit.Assert.assertThat(Assert.java:832)
	at com.example.tests.ContactModificationTests.modifySomeGroup(ContactModificationTests.java:29)
	at sun.reflect.NativeMethodAccessorImpl.invoke0(Native Method)
	at sun.reflect.NativeMethodAccessorImpl.invoke(Unknown Source)
	at sun.reflect.DelegatingMethodAccessorImpl.invoke(Unknown Source)
	at java.lang.reflect.Method.invoke(Unknown Source)
	at org.testng.internal.MethodInvocationHelper.invokeMethod(MethodInvocationHelper.java:84)
	at org.testng.internal.Invoker.invokeMethod(Invoker.java:714)
	at org.testng.internal.Invoker.invokeTestMethod(Invoker.java:901)
	at org.testng.internal.Invoker.invokeTestMethods(Invoker.java:1231)
	at org.testng.internal.TestMethodWorker.invokeTestMethods(TestMethodWorker.java:127)
	at org.testng.internal.TestMethodWorker.run(TestMethodWorker.java:111)
	at org.testng.TestRunner.privateRun(TestRunner.java:767)
	at org.testng.TestRunner.run(TestRunner.java:617)
	at org.testng.SuiteRunner.runTest(SuiteRunner.java:334)
	at org.testng.SuiteRunner.runSequentially(SuiteRunner.java:329)
	at org.testng.SuiteRunner.privateRun(SuiteRunner.java:291)
	at org.testng.SuiteRunner.run(SuiteRunner.java:240)
	at org.testng.SuiteRunnerWorker.runSuite(SuiteRunnerWorker.java:52)
	at org.testng.SuiteRunnerWorker.run(SuiteRunnerWorker.java:86)
	at org.testng.TestNG.runSuitesSequentially(TestNG.java:1224)
	at org.testng.TestNG.runSuitesLocally(TestNG.java:1149)
	at org.testng.TestNG.run(TestNG.java:1057)
	at org.testng.remote.RemoteTestNG.run(RemoteTestNG.java:111)
	at org.testng.remote.RemoteTestNG.initAndRun(RemoteTestNG.java:204)
	at org.testng.remote.RemoteTestNG.main(RemoteTestNG.java:175)
]]>
    </error>
  </testcase> <!-- modifySomeGroup -->
</testsuite> <!-- com.example.tests.ContactModificationTests -->
