<?xml version="1.0" encoding="UTF-8"?>
<testng-results skipped="0" failed="1" total="1" passed="0">
  <reporter-output>
  </reporter-output>
  <suite name="Default suite" duration-ms="11221" started-at="2014-03-30T19:06:50Z" finished-at="2014-03-30T19:07:01Z">
    <groups>
    </groups>
    <test name="Default test" duration-ms="11221" started-at="2014-03-30T19:06:50Z" finished-at="2014-03-30T19:07:01Z">
      <class name="com.example.tests.ApartmentCreationTests">
        <test-method status="PASS" signature="setUp()[pri:0, instance:com.example.tests.ApartmentCreationTests@707561aa]" name="setUp" is-config="true" duration-ms="11076" started-at="2014-03-30T23:06:50Z" finished-at="2014-03-30T23:07:01Z">
          <reporter-output>
          </reporter-output>
        </test-method> <!-- setUp -->
        <test-method status="FAIL" signature="testApartmentCreationWithValidData(com.example.fw.Apartment)[pri:0, instance:com.example.tests.ApartmentCreationTests@707561aa]" name="testApartmentCreationWithValidData" duration-ms="0" started-at="2014-03-30T23:07:01Z" data-provider="apartmentFromFile" finished-at="2014-03-30T23:07:01Z">
          <exception class="java.lang.RuntimeException">
            <message>
              <![CDATA[com.thoughtworks.xstream.converters.reflection.AbstractReflectionConverter$UnknownFieldException: No such field com.example.fw.Apartment.imageFolder
---- Debugging information ----
field               : imageFolder
class               : com.example.fw.Apartment
required-type       : com.example.fw.Apartment
converter-type      : com.thoughtworks.xstream.converters.reflection.ReflectionConverter
path                : /Apartment/imageFolder
line number         : 15
version             : 1.4.6
-------------------------------]]>
            </message>
            <full-stacktrace>
              <![CDATA[java.lang.RuntimeException: com.thoughtworks.xstream.converters.reflection.AbstractReflectionConverter$UnknownFieldException: No such field com.example.fw.Apartment.imageFolder
---- Debugging information ----
field               : imageFolder
class               : com.example.fw.Apartment
required-type       : com.example.fw.Apartment
converter-type      : com.thoughtworks.xstream.converters.reflection.ReflectionConverter
path                : /Apartment/imageFolder
line number         : 15
version             : 1.4.6
-------------------------------
	at org.testng.internal.MethodInvocationHelper.invokeDataProvider(MethodInvocationHelper.java:161)
	at org.testng.internal.Parameters.handleParameters(Parameters.java:429)
	at org.testng.internal.Invoker.handleParameters(Invoker.java:1383)
	at org.testng.internal.Invoker.createParameters(Invoker.java:1075)
	at org.testng.internal.Invoker.invokeTestMethods(Invoker.java:1180)
	at org.testng.internal.TestMethodWorker.invokeTestMethods(TestMethodWorker.java:127)
	at org.testng.internal.TestMethodWorker.run(TestMethodWorker.java:111)
	at org.testng.TestRunner.privateRun(TestRunner.java:767)
	at org.testng.TestRunner.run(TestRunner.java:617)
	at org.testng.SuiteRunner.runTest(SuiteRunner.java:334)
	at org.testng.SuiteRunner.runSequentially(SuiteRunner.java:329)
	at org.testng.SuiteRunner.privateRun(SuiteRunner.java:291)
	at org.testng.SuiteRunner.run(SuiteRunner.java:240)
	at org.testng.SuiteRunnerWorker.runSuite(SuiteRunnerWorker.java:52)
	at org.testng.SuiteRunnerWorker.run(SuiteRunnerWorker.java:86)
	at org.testng.TestNG.runSuitesSequentially(TestNG.java:1224)
	at org.testng.TestNG.runSuitesLocally(TestNG.java:1149)
	at org.testng.TestNG.run(TestNG.java:1057)
	at org.testng.remote.RemoteTestNG.run(RemoteTestNG.java:111)
	at org.testng.remote.RemoteTestNG.initAndRun(RemoteTestNG.java:204)
	at org.testng.remote.RemoteTestNG.main(RemoteTestNG.java:175)
Caused by: com.thoughtworks.xstream.converters.reflection.AbstractReflectionConverter$UnknownFieldException: No such field com.example.fw.Apartment.imageFolder
---- Debugging information ----
field               : imageFolder
class               : com.example.fw.Apartment
required-type       : com.example.fw.Apartment
converter-type      : com.thoughtworks.xstream.converters.reflection.ReflectionConverter
path                : /Apartment/imageFolder
line number         : 15
version             : 1.4.6
-------------------------------
	at com.thoughtworks.xstream.converters.reflection.AbstractReflectionConverter.handleUnknownField(AbstractReflectionConverter.java:495)
	at com.thoughtworks.xstream.converters.reflection.AbstractReflectionConverter.doUnmarshal(AbstractReflectionConverter.java:351)
	at com.thoughtworks.xstream.converters.reflection.AbstractReflectionConverter.unmarshal(AbstractReflectionConverter.java:257)
	at com.thoughtworks.xstream.core.TreeUnmarshaller.convert(TreeUnmarshaller.java:72)
	at com.thoughtworks.xstream.core.AbstractReferenceUnmarshaller.convert(AbstractReferenceUnmarshaller.java:65)
	at com.thoughtworks.xstream.core.TreeUnmarshaller.convertAnother(TreeUnmarshaller.java:66)
	at com.thoughtworks.xstream.core.TreeUnmarshaller.convertAnother(TreeUnmarshaller.java:50)
	at com.thoughtworks.xstream.core.TreeUnmarshaller.start(TreeUnmarshaller.java:134)
	at com.thoughtworks.xstream.core.AbstractTreeMarshallingStrategy.unmarshal(AbstractTreeMarshallingStrategy.java:32)
	at com.thoughtworks.xstream.XStream.unmarshal(XStream.java:1157)
	at com.thoughtworks.xstream.XStream.unmarshal(XStream.java:1141)
	at com.thoughtworks.xstream.XStream.fromXML(XStream.java:1105)
	at com.thoughtworks.xstream.XStream.fromXML(XStream.java:1047)
	at com.example.tests.ApartmentDataGenerator.loadApartmentFromXmlFile(ApartmentDataGenerator.java:44)
	at com.example.tests.ApartmentCreationTests.apartmentFromFile(ApartmentCreationTests.java:18)
	at sun.reflect.NativeMethodAccessorImpl.invoke0(Native Method)
	at sun.reflect.NativeMethodAccessorImpl.invoke(NativeMethodAccessorImpl.java:57)
	at sun.reflect.DelegatingMethodAccessorImpl.invoke(DelegatingMethodAccessorImpl.java:43)
	at java.lang.reflect.Method.invoke(Method.java:606)
	at org.testng.internal.MethodInvocationHelper.invokeMethod(MethodInvocationHelper.java:84)
	at org.testng.internal.MethodInvocationHelper.invokeDataProvider(MethodInvocationHelper.java:153)
	... 20 more
]]>
            </full-stacktrace>
          </exception> <!-- java.lang.RuntimeException -->
          <reporter-output>
          </reporter-output>
        </test-method> <!-- testApartmentCreationWithValidData -->
        <test-method status="PASS" signature="tearDown()[pri:0, instance:com.example.tests.ApartmentCreationTests@707561aa]" name="tearDown" is-config="true" duration-ms="0" started-at="2014-03-30T23:07:01Z" finished-at="2014-03-30T23:07:01Z">
          <reporter-output>
          </reporter-output>
        </test-method> <!-- tearDown -->
      </class> <!-- com.example.tests.ApartmentCreationTests -->
    </test> <!-- Default test -->
  </suite> <!-- Default suite -->
</testng-results>
